2024-12-03 11:50:36 [INFO]: Incoming request: POST /api/auth/sendOTP - Body: {"email":"mayur.kmphasis@gmail.com"}
2024-12-03 12:03:19 [INFO]: Incoming request: POST /api/auth/sendOTP - Body: {"email":"mayur.kmphasis@gmail.com"}
2024-12-03 12:03:19 [INFO]: Outgoing response: POST /sendOTP - Status: 409 - Duration: 57ms - Response: {"version":"1.0.0","statusCode":409,"isSuccess":false,"data":null,"message":"This email has already been registered."}
2024-12-03 12:03:19 [INFO]: Outgoing response: POST /sendOTP - Status: 409 - Duration: 59ms - Response: "{\"version\":\"1.0.0\",\"statusCode\":409,\"isSuccess\":false,\"data\":null,\"message\":\"This email has already been registered.\"}"
2024-12-03 12:08:08 [INFO]: Incoming request: POST /api/auth/sendOTP - Body: {"email":"mayur.kmphasis@gmail.com"}
2024-12-03 12:08:26 [INFO]: Incoming request: POST /api/auth/sendOTP - Body: {"email":"mayur.kmphasis@gmail.com"}
2024-12-03 12:08:26 [INFO]: Outgoing response: POST /api/auth/sendOTP - Status: 601 - Duration: 33ms - Response: {"version":"1.0.0","statusCode":601,"isSuccess":false,"data":{},"message":"Please update the app to continue using it without missing any new updates."}
2024-12-03 12:08:26 [INFO]: Outgoing response: POST /api/auth/sendOTP - Status: 601 - Duration: 35ms - Response: "{\"version\":\"1.0.0\",\"statusCode\":601,\"isSuccess\":false,\"data\":{},\"message\":\"Please update the app to continue using it without missing any new updates.\"}"
2024-12-03 12:09:10 [INFO]: Incoming request: POST /api/auth/sendOTP - Body: {"email":"mayur.kmphasis@gmail.com"}
2024-12-03 12:09:10 [INFO]: Outgoing response: POST /api/auth/sendOTP - Status: 204 - Duration: 23ms - Response: {"version":"1.0.0","statusCode":204,"isSuccess":false,"data":{},"message":"Please update the app to continue using it without missing any new updates."}
2024-12-03 12:09:10 [INFO]: Outgoing response: POST /api/auth/sendOTP - Status: 204 - Duration: 25ms - Response: "{\"version\":\"1.0.0\",\"statusCode\":204,\"isSuccess\":false,\"data\":{},\"message\":\"Please update the app to continue using it without missing any new updates.\"}"
2024-12-03 12:11:15 [INFO]: Incoming request: POST /api/auth/sendOTP - Body: {"email":"mayur.kmphasis@gmail.com"}
2024-12-03 12:11:15 [INFO]: Outgoing response: POST /api/auth/sendOTP - Status: 426 - Duration: 24ms - Response: {"version":"1.0.0","statusCode":426,"isSuccess":false,"data":{},"message":"Please update the app to continue using it without missing any new updates."}
2024-12-03 12:11:15 [INFO]: Outgoing response: POST /api/auth/sendOTP - Status: 426 - Duration: 26ms - Response: "{\"version\":\"1.0.0\",\"statusCode\":426,\"isSuccess\":false,\"data\":{},\"message\":\"Please update the app to continue using it without missing any new updates.\"}"
2024-12-03 12:17:19 [INFO]: Incoming request: POST /api/user/sendOTP - Body: {"email":"mayur.kmphasis@gmail.com"}
2024-12-03 12:17:19 [INFO]: Outgoing response: POST /api/user/sendOTP - Status: 426 - Duration: 26ms - Response: {"version":"1.0.0","statusCode":426,"isSuccess":false,"data":{},"message":"Please update the app to continue using it without missing any new updates."}
2024-12-03 12:17:19 [INFO]: Outgoing response: POST /api/user/sendOTP - Status: 426 - Duration: 28ms - Response: "{\"version\":\"1.0.0\",\"statusCode\":426,\"isSuccess\":false,\"data\":{},\"message\":\"Please update the app to continue using it without missing any new updates.\"}"
2024-12-03 12:17:35 [INFO]: Incoming request: POST /api/user/changePassword - Body: {"oldPassword":"12345","newPassword":"123456"}
2024-12-03 12:17:35 [INFO]: Outgoing response: POST /api/user/changePassword - Status: 426 - Duration: 22ms - Response: {"version":"1.0.0","statusCode":426,"isSuccess":false,"data":{},"message":"Please update the app to continue using it without missing any new updates."}
2024-12-03 12:17:35 [INFO]: Outgoing response: POST /api/user/changePassword - Status: 426 - Duration: 23ms - Response: "{\"version\":\"1.0.0\",\"statusCode\":426,\"isSuccess\":false,\"data\":{},\"message\":\"Please update the app to continue using it without missing any new updates.\"}"
2024-12-03 12:18:16 [INFO]: Incoming request: POST /api/user/changePassword - Body: {"oldPassword":"12345","newPassword":"123456"}
2024-12-03 12:18:16 [INFO]: Outgoing response: POST /api/user/changePassword - Status: 426 - Duration: 22ms - Response: {"version":"1.0.0","statusCode":426,"isSuccess":false,"data":{},"message":"Please update the app to continue using it without missing any new updates."}
2024-12-03 12:18:16 [INFO]: Outgoing response: POST /api/user/changePassword - Status: 426 - Duration: 24ms - Response: "{\"version\":\"1.0.0\",\"statusCode\":426,\"isSuccess\":false,\"data\":{},\"message\":\"Please update the app to continue using it without missing any new updates.\"}"
2024-12-03 12:18:24 [INFO]: Incoming request: POST /api/user/changePassword - Body: {"oldPassword":"12345","newPassword":"123456"}
2024-12-03 12:18:24 [INFO]: Outgoing response: POST /changePassword - Status: 401 - Duration: 27ms - Response: {"version":"1.0.0","statusCode":401,"isSuccess":false,"data":{},"message":"You are not authorized to access associated web-services."}
2024-12-03 12:18:24 [INFO]: Outgoing response: POST /changePassword - Status: 401 - Duration: 29ms - Response: "{\"version\":\"1.0.0\",\"statusCode\":401,\"isSuccess\":false,\"data\":{},\"message\":\"You are not authorized to access associated web-services.\"}"
2024-12-03 12:21:04 [INFO]: Incoming request: POST /api/user/changePassword - Body: {"oldPassword":"12345","newPassword":"123456"}
2024-12-03 12:21:04 [INFO]: Outgoing response: POST /api/user/changePassword - Status: 407 - Duration: 27ms - Response: {"version":"1.0.0","statusCode":407,"isSuccess":false,"data":{},"message":"Please update the app to continue using it without missing any new updates."}
2024-12-03 12:21:04 [INFO]: Outgoing response: POST /api/user/changePassword - Status: 407 - Duration: 30ms - Response: "{\"version\":\"1.0.0\",\"statusCode\":407,\"isSuccess\":false,\"data\":{},\"message\":\"Please update the app to continue using it without missing any new updates.\"}"
2024-12-03 12:23:31 [INFO]: Incoming request: POST /api/user/changePassword - Body: {"oldPassword":"12345","newPassword":"123456"}
2024-12-03 12:23:31 [INFO]: Outgoing response: POST /changePassword - Status: 401 - Duration: 26ms - Response: {"version":"1.0.0","statusCode":401,"isSuccess":false,"data":{},"message":"You are not authorized to access associated web-services."}
2024-12-03 12:23:31 [INFO]: Outgoing response: POST /changePassword - Status: 401 - Duration: 28ms - Response: "{\"version\":\"1.0.0\",\"statusCode\":401,\"isSuccess\":false,\"data\":{},\"message\":\"You are not authorized to access associated web-services.\"}"
2024-12-03 12:24:21 [INFO]: Incoming request: POST /api/user/changePassword - Body: {"oldPassword":"12345","newPassword":"123456"}
2024-12-03 12:24:21 [INFO]: Outgoing response: POST /changePassword - Status: 401 - Duration: 31ms - Response: {"version":"1.0.0","statusCode":401,"isSuccess":false,"data":{},"message":"You are not authorized to access associated web-services."}
2024-12-03 12:24:21 [INFO]: Outgoing response: POST /changePassword - Status: 401 - Duration: 32ms - Response: "{\"version\":\"1.0.0\",\"statusCode\":401,\"isSuccess\":false,\"data\":{},\"message\":\"You are not authorized to access associated web-services.\"}"
2025-02-13 06:07:49 [INFO]: Incoming request: POST /api/auth/login - Body: {}
2025-02-13 06:07:49 [INFO]: Outgoing response: POST /login - Status: 422 - Duration: 48ms - Response: {"version":"1.0.0","statusCode":422,"isSuccess":false,"data":{},"message":"\"email\" is required"}
2025-02-13 06:07:49 [INFO]: Outgoing response: POST /login - Status: 422 - Duration: 50ms - Response: "{\"version\":\"1.0.0\",\"statusCode\":422,\"isSuccess\":false,\"data\":{},\"message\":\"\\\"email\\\" is required\"}"
2025-02-13 06:08:01 [INFO]: Incoming request: POST /api/auth/login - Body: {"email":"test@gmail.com"}
2025-02-13 06:08:01 [INFO]: Outgoing response: POST /login - Status: 422 - Duration: 65ms - Response: {"version":"1.0.0","statusCode":422,"isSuccess":false,"data":{},"message":"\"pass\" is required"}
2025-02-13 06:08:01 [INFO]: Outgoing response: POST /login - Status: 422 - Duration: 67ms - Response: "{\"version\":\"1.0.0\",\"statusCode\":422,\"isSuccess\":false,\"data\":{},\"message\":\"\\\"pass\\\" is required\"}"
2025-02-13 06:08:07 [INFO]: Incoming request: POST /api/auth/login - Body: {"email":"test@gmail.com","pass":"12345"}
2025-02-13 06:08:07 [INFO]: Outgoing response: POST /login - Status: 404 - Duration: 81ms - Response: {"version":"1.0.0","statusCode":404,"isSuccess":false,"data":null,"message":"This email is not registered with us. Please use correct email address."}
2025-02-13 06:08:07 [INFO]: Outgoing response: POST /login - Status: 404 - Duration: 82ms - Response: "{\"version\":\"1.0.0\",\"statusCode\":404,\"isSuccess\":false,\"data\":null,\"message\":\"This email is not registered with us. Please use correct email address.\"}"
