2025-04-03 12:06:31 [INFO]: Incoming request: POST /api/inapppurchase/androidPlanPurchase - Body: {"purchaseToken":"ddbekfdiijehiicojdkphaae.AO-J1OzwEaR_uHLBPJibPc6KeiMhXOueQiMSL-2PoVdx3qgI1FJxihjCPUNWygmPVMXjxW-KZDTYoSxCY7IBk68eJk-i_iRc4A"}
2025-04-03 12:06:31 [INFO]: Outgoing response: POST /androidPlanPurchase - Status: 422 - Duration: 29ms - Response: {"version":"1.0.0","statusCode":422,"isSuccess":false,"data":null,"message":"\"productId\" is required"}
2025-04-03 12:06:31 [INFO]: Outgoing response: POST /androidPlanPurchase - Status: 422 - Duration: 31ms - Response: "{\"version\":\"1.0.0\",\"statusCode\":422,\"isSuccess\":false,\"data\":null,\"message\":\"\\\"productId\\\" is required\"}"
2025-04-03 12:06:37 [INFO]: Incoming request: POST /api/inapppurchase/androidPlanPurchase - Body: {"productId":"monthly_plan","purchaseToken":"ddbekfdiijehiicojdkphaae.AO-J1OzwEaR_uHLBPJibPc6KeiMhXOueQiMSL-2PoVdx3qgI1FJxihjCPUNWygmPVMXjxW-KZDTYoSxCY7IBk68eJk-i_iRc4A","orderId":"GPA.3390-7772-0700-20018..5","type":"purchase","amount":"50"}
2025-04-03 12:06:37 [INFO]: checkUserPlanExist=>
2025-04-03 12:06:37 [INFO]: Outgoing response: POST /androidPlanPurchase - Status: 409 - Duration: 14ms - Response: {"version":"1.0.0","statusCode":409,"isSuccess":false,"data":null,"message":"plan_already_running"}
2025-04-03 12:06:37 [INFO]: Outgoing response: POST /androidPlanPurchase - Status: 409 - Duration: 15ms - Response: "{\"version\":\"1.0.0\",\"statusCode\":409,\"isSuccess\":false,\"data\":null,\"message\":\"plan_already_running\"}"
2025-04-03 12:07:05 [INFO]: Incoming request: POST /api/inapppurchase/androidPlanPurchase - Body: {"productId":"monthly_plan","purchaseToken":"ddbekfdiijehiicojdkphaae.AO-J1OzwEaR_uHLBPJibPc6KeiMhXOueQiMSL-2PoVdx3qgI1FJxihjCPUNWygmPVMXjxW-KZDTYoSxCY7IBk68eJk-i_iRc4A","orderId":"GPA.3390-7772-0700-20018..5","type":"purchase","amount":"50"}
2025-04-03 12:07:05 [INFO]: checkUserPlanExist=>{
  _id: new ObjectId('67ee71194936862b1d247163'),
  purchaseToken: 'ddbekfdiijehiicojdkphaae.AO-J1OzwEaR_uHLBPJibPc6KeiMhXOueQiMSL-2PoVdx3qgI1FJxihjCPUNWygmPVMXjxW-KZDTYoSxCY7IBk68eJk-i_iRc4A',
  notificationType: null,
  orderId: 'GPA.3390-7772-0700-20018..5',
  amount: '50',
  appleTransactionId: null,
  originalTransactionId: null,
  createdAt: 2025-04-03T11:29:16.210Z,
  updatedAt: null,
  userId: new ObjectId('67ee55c9d87e29337ed5133c'),
  productId: 'monthly_plan',
  purchaseDate: 2025-04-03T10:39:01.376Z,
  expireDate: 2025-04-03T11:14:03.890Z,
  __v: 0
}
2025-04-03 12:07:05 [INFO]: Outgoing response: POST /androidPlanPurchase - Status: 409 - Duration: 34ms - Response: {"version":"1.0.0","statusCode":409,"isSuccess":false,"data":null,"message":"plan_already_running"}
2025-04-03 12:07:05 [INFO]: Outgoing response: POST /androidPlanPurchase - Status: 409 - Duration: 35ms - Response: "{\"version\":\"1.0.0\",\"statusCode\":409,\"isSuccess\":false,\"data\":null,\"message\":\"plan_already_running\"}"
2025-04-03 12:15:53 [INFO]: Incoming request: POST /api/inapppurchase/androidPlanPurchase - Body: {"productId":"monthly_plan","purchaseToken":"ddbekfdiijehiicojdkphaae.AO-J1OzwEaR_uHLBPJibPc6KeiMhXOueQiMSL-2PoVdx3qgI1FJxihjCPUNWygmPVMXjxW-KZDTYoSxCY7IBk68eJk-i_iRc4A","orderId":"GPA.3390-7772-0700-20018..5","type":"purchase","amount":"50"}
2025-04-03 12:15:53 [ERROR]: Error occurred: userTransactionsRepository is not defined - StatusCode: 400
2025-04-03 12:15:53 [INFO]: Outgoing response: POST /api/inapppurchase/androidPlanPurchase - Status: 400 - Duration: 29ms - Response: "{\"version\":\"1.0.0\",\"statusCode\":400,\"isSuccess\":false,\"data\":null,\"message\":\"userTransactionsRepository is not defined\"}"
2025-04-03 12:16:03 [INFO]: Incoming request: POST /api/inapppurchase/androidPlanPurchase - Body: {"productId":"monthly_plan","purchaseToken":"ddbekfdiijehiicojdkphaae.AO-J1OzwEaR_uHLBPJibPc6KeiMhXOueQiMSL-2PoVdx3qgI1FJxihjCPUNWygmPVMXjxW-KZDTYoSxCY7IBk68eJk-i_iRc4A","orderId":"GPA.3390-7772-0700-20018..5","type":"purchase","amount":"50"}
2025-04-03 12:16:03 [INFO]: Outgoing response: POST /androidPlanPurchase - Status: 409 - Duration: 23ms - Response: {"version":"1.0.0","statusCode":409,"isSuccess":false,"data":null,"message":"plan_already_running"}
2025-04-03 12:16:03 [INFO]: Outgoing response: POST /androidPlanPurchase - Status: 409 - Duration: 25ms - Response: "{\"version\":\"1.0.0\",\"statusCode\":409,\"isSuccess\":false,\"data\":null,\"message\":\"plan_already_running\"}"
2025-04-03 12:16:13 [INFO]: Incoming request: POST /api/inapppurchase/androidPlanPurchase - Body: {"productId":"monthly_plan","purchaseToken":"ddbekfdiijehiicojdkphaae.AO-J1OzwEaR_uHLBPJibPc6KeiMhXOueQiMSL-2PoVdx3qgI1FJxihjCPUNWygmPVMXjxW-KZDTYoSxCY7IBk68eJk-i_iRc4A","orderId":"GPA.3390-7772-0700-20018..5","type":"purchase","amount":"50"}
2025-04-03 12:16:14 [INFO]: Outgoing response: POST /androidPlanPurchase - Status: 200 - Duration: 1024ms - Response: {"version":"1.0.0","statusCode":200,"isSuccess":true,"data":{"_id":"67ee55c9d87e29337ed5133c","name":"Mayur patel","email":"mayur.kmphasis@gmail.com","password":"123465","profile":"","ucode":"","token":"","deviceToken":"","isFb":"0","fbId":"","isGoogle":"0","googleId":"","isApple":"0","appleId":"","deleteReason":"","isSubscription":"1","planExpiry":"2025-04-03 11:14:03","lastPurchaseToken":"ddbekfdiijehiicojdkphaae.AO-J1OzwEaR_uHLBPJibPc6KeiMhXOueQiMSL-2PoVdx3qgI1FJxihjCPUNWygmPVMXjxW-KZDTYoSxCY7IBk68eJk-i_iRc4A","originalTransactionId":"","appleTransactionId":"","productId":"monthly_plan","isFreeTrialUsed":1},"message":"Plan purchased successfully"}
2025-04-03 12:16:14 [INFO]: Outgoing response: POST /androidPlanPurchase - Status: 200 - Duration: 1026ms - Response: "{\"version\":\"1.0.0\",\"statusCode\":200,\"isSuccess\":true,\"data\":{\"_id\":\"67ee55c9d87e29337ed5133c\",\"name\":\"Mayur patel\",\"email\":\"mayur.kmphasis@gmail.com\",\"password\":\"123465\",\"profile\":\"\",\"ucode\":\"\",\"token\":\"\",\"deviceToken\":\"\",\"isFb\":\"0\",\"fbId\":\"\",\"isGoogle\":\"0\",\"googleId\":\"\",\"isApple\":\"0\",\"appleId\":\"\",\"deleteReason\":\"\",\"isSubscription\":\"1\",\"planExpiry\":\"2025-04-03 11:14:03\",\"lastPurchaseToken\":\"ddbekfdiijehiicojdkphaae.AO-J1OzwEaR_uHLBPJibPc6KeiMhXOueQiMSL-2PoVdx3qgI1FJxihjCPUNWygmPVMXjxW-KZDTYoSxCY7IBk68eJk-i_iRc4A\",\"originalTransactionId\":\"\",\"appleTransactionId\":\"\",\"productId\":\"monthly_plan\",\"isFreeTrialUsed\":1},\"message\":\"Plan purchased successfully\"}"
2025-04-03 12:16:29 [INFO]: Incoming request: POST /api/inapppurchase/androidPlanRestore - Body: {"purchaseToken":"ddbekfdiijehiicojdkphaae.AO-J1OzwEaR_uHLBPJibPc6KeiMhXOueQiMSL-2PoVdx3qgI1FJxihjCPUNWygmPVMXjxW-KZDTYoSxCY7IBk68eJk-i_iRc4A"}
2025-04-03 12:16:29 [INFO]: Outgoing response: POST /androidPlanRestore - Status: 200 - Duration: 13ms - Response: {"version":"1.0.0","statusCode":200,"isSuccess":true,"data":{"_id":"67ee55c9d87e29337ed5133c","name":"Mayur patel","email":"mayur.kmphasis@gmail.com","password":"123465","profile":"","ucode":"","token":"","deviceToken":"","isFb":"0","fbId":"","isGoogle":"0","googleId":"","isApple":"0","appleId":"","deleteReason":"","isSubscription":"1","planExpiry":"2025-04-03 11:14:03","lastPurchaseToken":"ddbekfdiijehiicojdkphaae.AO-J1OzwEaR_uHLBPJibPc6KeiMhXOueQiMSL-2PoVdx3qgI1FJxihjCPUNWygmPVMXjxW-KZDTYoSxCY7IBk68eJk-i_iRc4A","originalTransactionId":"","appleTransactionId":"","productId":"monthly_plan","isFreeTrialUsed":1,"is_social_type":"0"},"message":"Plan restored successfully"}
2025-04-03 12:16:29 [INFO]: Outgoing response: POST /androidPlanRestore - Status: 200 - Duration: 15ms - Response: "{\"version\":\"1.0.0\",\"statusCode\":200,\"isSuccess\":true,\"data\":{\"_id\":\"67ee55c9d87e29337ed5133c\",\"name\":\"Mayur patel\",\"email\":\"mayur.kmphasis@gmail.com\",\"password\":\"123465\",\"profile\":\"\",\"ucode\":\"\",\"token\":\"\",\"deviceToken\":\"\",\"isFb\":\"0\",\"fbId\":\"\",\"isGoogle\":\"0\",\"googleId\":\"\",\"isApple\":\"0\",\"appleId\":\"\",\"deleteReason\":\"\",\"isSubscription\":\"1\",\"planExpiry\":\"2025-04-03 11:14:03\",\"lastPurchaseToken\":\"ddbekfdiijehiicojdkphaae.AO-J1OzwEaR_uHLBPJibPc6KeiMhXOueQiMSL-2PoVdx3qgI1FJxihjCPUNWygmPVMXjxW-KZDTYoSxCY7IBk68eJk-i_iRc4A\",\"originalTransactionId\":\"\",\"appleTransactionId\":\"\",\"productId\":\"monthly_plan\",\"isFreeTrialUsed\":1,\"is_social_type\":\"0\"},\"message\":\"Plan restored successfully\"}"
2025-04-03 12:39:11 [INFO]: Incoming request: POST /api/inapppurchase/androidWebhook - Body: {"purchaseToken":"ddbekfdiijehiicojdkphaae.AO-J1OzwEaR_uHLBPJibPc6KeiMhXOueQiMSL-2PoVdx3qgI1FJxihjCPUNWygmPVMXjxW-KZDTYoSxCY7IBk68eJk-i_iRc4A"}
2025-04-03 12:39:11 [INFO]: request=>
2025-04-03 12:39:11 [INFO]: Outgoing response: POST /androidWebhook - Status: 200 - Duration: 7ms - Response: {"version":"1.0.0","statusCode":200,"isSuccess":true,"data":{},"message":"get webhook data successfully"}
2025-04-03 12:39:11 [INFO]: Outgoing response: POST /androidWebhook - Status: 200 - Duration: 8ms - Response: "{\"version\":\"1.0.0\",\"statusCode\":200,\"isSuccess\":true,\"data\":{},\"message\":\"get webhook data successfully\"}"
2025-04-03 12:39:34 [INFO]: Incoming request: POST /api/inapppurchase/androidWebhook - Body: {"purchaseToken":"ddbekfdiijehiicojdkphaae.AO-J1OzwEaR_uHLBPJibPc6KeiMhXOueQiMSL-2PoVdx3qgI1FJxihjCPUNWygmPVMXjxW-KZDTYoSxCY7IBk68eJk-i_iRc4A"}
2025-04-03 12:39:34 [INFO]: request=>
2025-04-03 12:39:34 [INFO]: Outgoing response: POST /androidWebhook - Status: 200 - Duration: 3ms - Response: {"version":"1.0.0","statusCode":200,"isSuccess":true,"data":{},"message":"get webhook data successfully"}
2025-04-03 12:39:34 [INFO]: Outgoing response: POST /androidWebhook - Status: 200 - Duration: 4ms - Response: "{\"version\":\"1.0.0\",\"statusCode\":200,\"isSuccess\":true,\"data\":{},\"message\":\"get webhook data successfully\"}"
2025-04-03 12:40:53 [INFO]: Incoming request: POST /api/inapppurchase/androidPlanPurchase - Body: {"productId":"monthly_plan","purchaseToken":"ddbekfdiijehiicojdkphaae.AO-J1OzwEaR_uHLBPJibPc6KeiMhXOueQiMSL-2PoVdx3qgI1FJxihjCPUNWygmPVMXjxW-KZDTYoSxCY7IBk68eJk-i_iRc4A","orderId":"GPA.3390-7772-0700-20018..5","type":"purchase","amount":"50"}
2025-04-03 12:40:53 [INFO]: Outgoing response: POST /androidPlanPurchase - Status: 409 - Duration: 22ms - Response: {"version":"1.0.0","statusCode":409,"isSuccess":false,"data":null,"message":"plan_already_running"}
2025-04-03 12:40:53 [INFO]: Outgoing response: POST /androidPlanPurchase - Status: 409 - Duration: 23ms - Response: "{\"version\":\"1.0.0\",\"statusCode\":409,\"isSuccess\":false,\"data\":null,\"message\":\"plan_already_running\"}"
2025-04-03 12:41:00 [INFO]: Incoming request: POST /api/inapppurchase/androidWebhook - Body: {"message":{"data":"eyJ2ZXJzaW9uIjoiMS4wIiwicGFja2FnZU5hbWUiOiJjb20uYXBwLnNvYWtzdHJlYW0iLCJldmVudFRpbWVNaWxsaXMiOiIxNzQzNjg0MDU5NTczIiwidGVzdE5vdGlmaWNhdGlvbiI6eyJ2ZXJzaW9uIjoiMS4wIn19","messageId":"14401331706181310","message_id":"14401331706181310","publishTime":"2025-04-03T12:40:59.631Z","publish_time":"2025-04-03T12:40:59.631Z"},"subscription":"projects/soakstream-app-project/subscriptions/soakstreampurchase-sub-testmk"}
2025-04-03 12:41:00 [INFO]: request=>
2025-04-03 12:41:00 [INFO]: Outgoing response: POST /androidWebhook - Status: 200 - Duration: 2ms - Response: {"version":"1.0.0","statusCode":200,"isSuccess":true,"data":{},"message":"get webhook data successfully"}
2025-04-03 12:41:00 [INFO]: Outgoing response: POST /androidWebhook - Status: 200 - Duration: 3ms - Response: "{\"version\":\"1.0.0\",\"statusCode\":200,\"isSuccess\":true,\"data\":{},\"message\":\"get webhook data successfully\"}"
2025-04-03 12:42:23 [INFO]: Incoming request: POST /api/inapppurchase/androidWebhook - Body: {"message":{"data":"eyJ2ZXJzaW9uIjoiMS4wIiwicGFja2FnZU5hbWUiOiJjb20uYXBwLnNvYWtzdHJlYW0iLCJldmVudFRpbWVNaWxsaXMiOiIxNzQzNjg0MDU5NTczIiwidGVzdE5vdGlmaWNhdGlvbiI6eyJ2ZXJzaW9uIjoiMS4wIn19","messageId":"14401331706181310","message_id":"14401331706181310","publishTime":"2025-04-03T12:40:59.631Z","publish_time":"2025-04-03T12:40:59.631Z"},"subscription":"projects/soakstream-app-project/subscriptions/soakstreampurchase-sub-testmk"}
2025-04-03 12:42:23 [INFO]: request=>
2025-04-03 12:42:23 [INFO]: Outgoing response: POST /androidWebhook - Status: 200 - Duration: 2ms - Response: {"version":"1.0.0","statusCode":200,"isSuccess":true,"data":{},"message":"get webhook data successfully"}
2025-04-03 12:42:23 [INFO]: Outgoing response: POST /androidWebhook - Status: 200 - Duration: 3ms - Response: "{\"version\":\"1.0.0\",\"statusCode\":200,\"isSuccess\":true,\"data\":{},\"message\":\"get webhook data successfully\"}"
2025-04-03 12:42:41 [INFO]: Incoming request: POST /api/inapppurchase/androidWebhook - Body: {"message":{"data":"eyJ2ZXJzaW9uIjoiMS4wIiwicGFja2FnZU5hbWUiOiJjb20uYXBwLnNvYWtzdHJlYW0iLCJldmVudFRpbWVNaWxsaXMiOiIxNzQzNjg0MDU5NTczIiwidGVzdE5vdGlmaWNhdGlvbiI6eyJ2ZXJzaW9uIjoiMS4wIn19","messageId":"14401331706181310","message_id":"14401331706181310","publishTime":"2025-04-03T12:40:59.631Z","publish_time":"2025-04-03T12:40:59.631Z"},"subscription":"projects/soakstream-app-project/subscriptions/soakstreampurchase-sub-testmk"}
2025-04-03 12:42:41 [INFO]: request=> [object Object]
2025-04-03 12:42:41 [INFO]: Outgoing response: POST /androidWebhook - Status: 200 - Duration: 8ms - Response: {"version":"1.0.0","statusCode":200,"isSuccess":true,"data":{},"message":"get webhook data successfully"}
2025-04-03 12:42:41 [INFO]: Outgoing response: POST /androidWebhook - Status: 200 - Duration: 9ms - Response: "{\"version\":\"1.0.0\",\"statusCode\":200,\"isSuccess\":true,\"data\":{},\"message\":\"get webhook data successfully\"}"
2025-04-03 12:42:56 [INFO]: Incoming request: POST /api/inapppurchase/androidWebhook - Body: {"message":{"data":"eyJ2ZXJzaW9uIjoiMS4wIiwicGFja2FnZU5hbWUiOiJjb20uYXBwLnNvYWtzdHJlYW0iLCJldmVudFRpbWVNaWxsaXMiOiIxNzQzNjg0MDU5NTczIiwidGVzdE5vdGlmaWNhdGlvbiI6eyJ2ZXJzaW9uIjoiMS4wIn19","messageId":"14401331706181310","message_id":"14401331706181310","publishTime":"2025-04-03T12:40:59.631Z","publish_time":"2025-04-03T12:40:59.631Z"},"subscription":"projects/soakstream-app-project/subscriptions/soakstreampurchase-sub-testmk"}
2025-04-03 12:42:56 [INFO]: request=>{"message":{"data":"eyJ2ZXJzaW9uIjoiMS4wIiwicGFja2FnZU5hbWUiOiJjb20uYXBwLnNvYWtzdHJlYW0iLCJldmVudFRpbWVNaWxsaXMiOiIxNzQzNjg0MDU5NTczIiwidGVzdE5vdGlmaWNhdGlvbiI6eyJ2ZXJzaW9uIjoiMS4wIn19","messageId":"14401331706181310","message_id":"14401331706181310","publishTime":"2025-04-03T12:40:59.631Z","publish_time":"2025-04-03T12:40:59.631Z"},"subscription":"projects/soakstream-app-project/subscriptions/soakstreampurchase-sub-testmk"}
2025-04-03 12:42:56 [INFO]: Outgoing response: POST /androidWebhook - Status: 200 - Duration: 6ms - Response: {"version":"1.0.0","statusCode":200,"isSuccess":true,"data":{},"message":"get webhook data successfully"}
2025-04-03 12:42:56 [INFO]: Outgoing response: POST /androidWebhook - Status: 200 - Duration: 7ms - Response: "{\"version\":\"1.0.0\",\"statusCode\":200,\"isSuccess\":true,\"data\":{},\"message\":\"get webhook data successfully\"}"
2025-04-03 12:43:23 [INFO]: Incoming request: POST /api/inapppurchase/androidWebhook - Body: {"message":{"data":"eyJ2ZXJzaW9uIjoiMS4wIiwicGFja2FnZU5hbWUiOiJjb20uYXBwLnNvYWtzdHJlYW0iLCJldmVudFRpbWVNaWxsaXMiOiIxNzQzNjg0MDU5NTczIiwidGVzdE5vdGlmaWNhdGlvbiI6eyJ2ZXJzaW9uIjoiMS4wIn19","messageId":"14401331706181310","message_id":"14401331706181310","publishTime":"2025-04-03T12:40:59.631Z","publish_time":"2025-04-03T12:40:59.631Z"},"subscription":"projects/soakstream-app-project/subscriptions/soakstreampurchase-sub-testmk"}
2025-04-03 12:43:23 [ERROR]: Error occurred: Unexpected token o in JSON at position 1 - StatusCode: 400
2025-04-03 12:43:23 [INFO]: Outgoing response: POST /api/inapppurchase/androidWebhook - Status: 400 - Duration: 13ms - Response: "{\"version\":\"1.0.0\",\"statusCode\":400,\"isSuccess\":false,\"data\":null,\"message\":\"Unexpected token o in JSON at position 1\"}"
2025-04-03 12:43:43 [INFO]: Incoming request: POST /api/inapppurchase/androidWebhook - Body: {"message":{"data":"eyJ2ZXJzaW9uIjoiMS4wIiwicGFja2FnZU5hbWUiOiJjb20uYXBwLnNvYWtzdHJlYW0iLCJldmVudFRpbWVNaWxsaXMiOiIxNzQzNjg0MDU5NTczIiwidGVzdE5vdGlmaWNhdGlvbiI6eyJ2ZXJzaW9uIjoiMS4wIn19","messageId":"14401331706181310","message_id":"14401331706181310","publishTime":"2025-04-03T12:40:59.631Z","publish_time":"2025-04-03T12:40:59.631Z"},"subscription":"projects/soakstream-app-project/subscriptions/soakstreampurchase-sub-testmk"}
2025-04-03 12:43:43 [INFO]: request=>{"data":"eyJ2ZXJzaW9uIjoiMS4wIiwicGFja2FnZU5hbWUiOiJjb20uYXBwLnNvYWtzdHJlYW0iLCJldmVudFRpbWVNaWxsaXMiOiIxNzQzNjg0MDU5NTczIiwidGVzdE5vdGlmaWNhdGlvbiI6eyJ2ZXJzaW9uIjoiMS4wIn19","messageId":"14401331706181310","message_id":"14401331706181310","publishTime":"2025-04-03T12:40:59.631Z","publish_time":"2025-04-03T12:40:59.631Z"}
2025-04-03 12:43:43 [INFO]: Outgoing response: POST /androidWebhook - Status: 200 - Duration: 6ms - Response: {"version":"1.0.0","statusCode":200,"isSuccess":true,"data":{},"message":"get webhook data successfully"}
2025-04-03 12:43:43 [INFO]: Outgoing response: POST /androidWebhook - Status: 200 - Duration: 8ms - Response: "{\"version\":\"1.0.0\",\"statusCode\":200,\"isSuccess\":true,\"data\":{},\"message\":\"get webhook data successfully\"}"
2025-04-03 12:43:48 [INFO]: Incoming request: POST /api/inapppurchase/androidWebhook - Body: {"message":{"data":"eyJ2ZXJzaW9uIjoiMS4wIiwicGFja2FnZU5hbWUiOiJjb20uYXBwLnNvYWtzdHJlYW0iLCJldmVudFRpbWVNaWxsaXMiOiIxNzQzNjg0MDU5NTczIiwidGVzdE5vdGlmaWNhdGlvbiI6eyJ2ZXJzaW9uIjoiMS4wIn19","messageId":"14401331706181310","message_id":"14401331706181310","publishTime":"2025-04-03T12:40:59.631Z","publish_time":"2025-04-03T12:40:59.631Z"},"subscription":"projects/soakstream-app-project/subscriptions/soakstreampurchase-sub-testmk"}
2025-04-03 12:43:48 [INFO]: request=>{"data":"eyJ2ZXJzaW9uIjoiMS4wIiwicGFja2FnZU5hbWUiOiJjb20uYXBwLnNvYWtzdHJlYW0iLCJldmVudFRpbWVNaWxsaXMiOiIxNzQzNjg0MDU5NTczIiwidGVzdE5vdGlmaWNhdGlvbiI6eyJ2ZXJzaW9uIjoiMS4wIn19","messageId":"14401331706181310","message_id":"14401331706181310","publishTime":"2025-04-03T12:40:59.631Z","publish_time":"2025-04-03T12:40:59.631Z"}
2025-04-03 12:43:48 [INFO]: Outgoing response: POST /androidWebhook - Status: 200 - Duration: 3ms - Response: {"version":"1.0.0","statusCode":200,"isSuccess":true,"data":{},"message":"get webhook data successfully"}
2025-04-03 12:43:48 [INFO]: Outgoing response: POST /androidWebhook - Status: 200 - Duration: 4ms - Response: "{\"version\":\"1.0.0\",\"statusCode\":200,\"isSuccess\":true,\"data\":{},\"message\":\"get webhook data successfully\"}"
2025-04-03 12:44:08 [INFO]: Incoming request: POST /api/inapppurchase/androidWebhook - Body: {"message":{"data":"eyJ2ZXJzaW9uIjoiMS4wIiwicGFja2FnZU5hbWUiOiJjb20uYXBwLnNvYWtzdHJlYW0iLCJldmVudFRpbWVNaWxsaXMiOiIxNzQzNjg0MDU5NTczIiwidGVzdE5vdGlmaWNhdGlvbiI6eyJ2ZXJzaW9uIjoiMS4wIn19","messageId":"14401331706181310","message_id":"14401331706181310","publishTime":"2025-04-03T12:40:59.631Z","publish_time":"2025-04-03T12:40:59.631Z"},"subscription":"projects/soakstream-app-project/subscriptions/soakstreampurchase-sub-testmk"}
2025-04-03 12:44:08 [INFO]: request=>{"data":"eyJ2ZXJzaW9uIjoiMS4wIiwicGFja2FnZU5hbWUiOiJjb20uYXBwLnNvYWtzdHJlYW0iLCJldmVudFRpbWVNaWxsaXMiOiIxNzQzNjg0MDU5NTczIiwidGVzdE5vdGlmaWNhdGlvbiI6eyJ2ZXJzaW9uIjoiMS4wIn19","messageId":"14401331706181310","message_id":"14401331706181310","publishTime":"2025-04-03T12:40:59.631Z","publish_time":"2025-04-03T12:40:59.631Z"}
2025-04-03 12:44:08 [INFO]: Outgoing response: POST /androidWebhook - Status: 200 - Duration: 6ms - Response: {"version":"1.0.0","statusCode":200,"isSuccess":true,"data":{},"message":"get webhook data successfully"}
2025-04-03 12:44:08 [INFO]: Outgoing response: POST /androidWebhook - Status: 200 - Duration: 8ms - Response: "{\"version\":\"1.0.0\",\"statusCode\":200,\"isSuccess\":true,\"data\":{},\"message\":\"get webhook data successfully\"}"
2025-04-03 12:44:37 [INFO]: Incoming request: POST /api/inapppurchase/androidWebhook - Body: {"message":{"data":"eyJ2ZXJzaW9uIjoiMS4wIiwicGFja2FnZU5hbWUiOiJjb20uYXBwLnNvYWtzdHJlYW0iLCJldmVudFRpbWVNaWxsaXMiOiIxNzQzNjg0MDU5NTczIiwidGVzdE5vdGlmaWNhdGlvbiI6eyJ2ZXJzaW9uIjoiMS4wIn19","messageId":"14401331706181310","message_id":"14401331706181310","publishTime":"2025-04-03T12:40:59.631Z","publish_time":"2025-04-03T12:40:59.631Z"},"subscription":"projects/soakstream-app-project/subscriptions/soakstreampurchase-sub-testmk"}
2025-04-03 12:44:37 [INFO]: request=>{"data":"eyJ2ZXJzaW9uIjoiMS4wIiwicGFja2FnZU5hbWUiOiJjb20uYXBwLnNvYWtzdHJlYW0iLCJldmVudFRpbWVNaWxsaXMiOiIxNzQzNjg0MDU5NTczIiwidGVzdE5vdGlmaWNhdGlvbiI6eyJ2ZXJzaW9uIjoiMS4wIn19","messageId":"14401331706181310","message_id":"14401331706181310","publishTime":"2025-04-03T12:40:59.631Z","publish_time":"2025-04-03T12:40:59.631Z"}
2025-04-03 12:44:37 [INFO]: android data-->>[object Object]
2025-04-03 12:44:37 [ERROR]: Error occurred: Cannot read properties of undefined (reading 'subscriptionId') - StatusCode: 400
2025-04-03 12:44:37 [INFO]: Outgoing response: POST /api/inapppurchase/androidWebhook - Status: 400 - Duration: 15ms - Response: "{\"version\":\"1.0.0\",\"statusCode\":400,\"isSuccess\":false,\"data\":null,\"message\":\"Cannot read properties of undefined (reading 'subscriptionId')\"}"
2025-04-03 12:45:04 [INFO]: Incoming request: POST /api/inapppurchase/androidWebhook - Body: {"message":{"data":"eyJ2ZXJzaW9uIjoiMS4wIiwicGFja2FnZU5hbWUiOiJjb20uYXBwLnNvYWtzdHJlYW0iLCJldmVudFRpbWVNaWxsaXMiOiIxNzQzNjg0MDU5NTczIiwidGVzdE5vdGlmaWNhdGlvbiI6eyJ2ZXJzaW9uIjoiMS4wIn19","messageId":"14401331706181310","message_id":"14401331706181310","publishTime":"2025-04-03T12:40:59.631Z","publish_time":"2025-04-03T12:40:59.631Z"},"subscription":"projects/soakstream-app-project/subscriptions/soakstreampurchase-sub-testmk"}
2025-04-03 12:45:04 [INFO]: request=>{"data":"eyJ2ZXJzaW9uIjoiMS4wIiwicGFja2FnZU5hbWUiOiJjb20uYXBwLnNvYWtzdHJlYW0iLCJldmVudFRpbWVNaWxsaXMiOiIxNzQzNjg0MDU5NTczIiwidGVzdE5vdGlmaWNhdGlvbiI6eyJ2ZXJzaW9uIjoiMS4wIn19","messageId":"14401331706181310","message_id":"14401331706181310","publishTime":"2025-04-03T12:40:59.631Z","publish_time":"2025-04-03T12:40:59.631Z"}
2025-04-03 12:45:04 [INFO]: android data-->>[object Object]
2025-04-03 12:45:04 [ERROR]: Error occurred: Cannot read properties of undefined (reading 'subscriptionId') - StatusCode: 400
2025-04-03 12:45:04 [INFO]: Outgoing response: POST /api/inapppurchase/androidWebhook - Status: 400 - Duration: 58ms - Response: "{\"version\":\"1.0.0\",\"statusCode\":400,\"isSuccess\":false,\"data\":null,\"message\":\"Cannot read properties of undefined (reading 'subscriptionId')\"}"
2025-04-03 12:45:24 [INFO]: Incoming request: POST /api/inapppurchase/androidWebhook - Body: {"message":{"data":"eyJ2ZXJzaW9uIjoiMS4wIiwicGFja2FnZU5hbWUiOiJjb20uYXBwLnNvYWtzdHJlYW0iLCJldmVudFRpbWVNaWxsaXMiOiIxNzQzNjg0MDU5NTczIiwidGVzdE5vdGlmaWNhdGlvbiI6eyJ2ZXJzaW9uIjoiMS4wIn19","messageId":"14401331706181310","message_id":"14401331706181310","publishTime":"2025-04-03T12:40:59.631Z","publish_time":"2025-04-03T12:40:59.631Z"},"subscription":"projects/soakstream-app-project/subscriptions/soakstreampurchase-sub-testmk"}
2025-04-03 12:45:24 [INFO]: request=>{"data":"eyJ2ZXJzaW9uIjoiMS4wIiwicGFja2FnZU5hbWUiOiJjb20uYXBwLnNvYWtzdHJlYW0iLCJldmVudFRpbWVNaWxsaXMiOiIxNzQzNjg0MDU5NTczIiwidGVzdE5vdGlmaWNhdGlvbiI6eyJ2ZXJzaW9uIjoiMS4wIn19","messageId":"14401331706181310","message_id":"14401331706181310","publishTime":"2025-04-03T12:40:59.631Z","publish_time":"2025-04-03T12:40:59.631Z"}
2025-04-03 12:45:24 [INFO]: android data-->>[object Object]
2025-04-03 12:45:26 [ERROR]: Error occurred: [object Object] - StatusCode: 400
2025-04-03 12:45:26 [INFO]: Outgoing response: POST /api/inapppurchase/androidWebhook - Status: 400 - Duration: 2021ms - Response: "{\"version\":\"1.0.0\",\"statusCode\":400,\"isSuccess\":false,\"data\":null,\"message\":{\"isSuccessful\":false,\"errorCode\":404,\"errorMessage\":\"Invalid response, please check 'Verifier' configuration or the statusCode above\"}}"
2025-04-03 12:45:56 [INFO]: Incoming request: POST /api/inapppurchase/androidWebhook - Body: {"message":{"data":"eyJ2ZXJzaW9uIjoiMS4wIiwicGFja2FnZU5hbWUiOiJjb20uYXBwLnNvYWtzdHJlYW0iLCJldmVudFRpbWVNaWxsaXMiOiIxNzQzNjg0MDU5NTczIiwidGVzdE5vdGlmaWNhdGlvbiI6eyJ2ZXJzaW9uIjoiMS4wIn19","messageId":"14401331706181310","message_id":"14401331706181310","publishTime":"2025-04-03T12:40:59.631Z","publish_time":"2025-04-03T12:40:59.631Z"},"subscription":"projects/soakstream-app-project/subscriptions/soakstreampurchase-sub-testmk"}
2025-04-03 12:45:56 [INFO]: request=>{"data":"eyJ2ZXJzaW9uIjoiMS4wIiwicGFja2FnZU5hbWUiOiJjb20uYXBwLnNvYWtzdHJlYW0iLCJldmVudFRpbWVNaWxsaXMiOiIxNzQzNjg0MDU5NTczIiwidGVzdE5vdGlmaWNhdGlvbiI6eyJ2ZXJzaW9uIjoiMS4wIn19","messageId":"14401331706181310","message_id":"14401331706181310","publishTime":"2025-04-03T12:40:59.631Z","publish_time":"2025-04-03T12:40:59.631Z"}
2025-04-03 12:45:56 [INFO]: android data-->>[object Object]
2025-04-03 12:45:57 [ERROR]: Error occurred: Invalid request - StatusCode: 400
2025-04-03 12:45:57 [INFO]: Outgoing response: POST /api/inapppurchase/androidWebhook - Status: 400 - Duration: 748ms - Response: "{\"version\":\"1.0.0\",\"statusCode\":400,\"isSuccess\":false,\"data\":null,\"message\":\"Invalid request\"}"
2025-04-03 12:46:42 [INFO]: Incoming request: POST /api/inapppurchase/androidWebhook - Body: {"message":{"data":"eyJ2ZXJzaW9uIjoiMS4wIiwicGFja2FnZU5hbWUiOiJjb20uYXBwLnNvYWtzdHJlYW0iLCJldmVudFRpbWVNaWxsaXMiOiIxNzQzNjg0MDU5NTczIiwidGVzdE5vdGlmaWNhdGlvbiI6eyJ2ZXJzaW9uIjoiMS4wIn19","messageId":"14401331706181310","message_id":"14401331706181310","publishTime":"2025-04-03T12:40:59.631Z","publish_time":"2025-04-03T12:40:59.631Z"},"subscription":"projects/soakstream-app-project/subscriptions/soakstreampurchase-sub-testmk"}
2025-04-03 12:46:43 [INFO]: request=>{"data":"eyJ2ZXJzaW9uIjoiMS4wIiwicGFja2FnZU5hbWUiOiJjb20uYXBwLnNvYWtzdHJlYW0iLCJldmVudFRpbWVNaWxsaXMiOiIxNzQzNjg0MDU5NTczIiwidGVzdE5vdGlmaWNhdGlvbiI6eyJ2ZXJzaW9uIjoiMS4wIn19","messageId":"14401331706181310","message_id":"14401331706181310","publishTime":"2025-04-03T12:40:59.631Z","publish_time":"2025-04-03T12:40:59.631Z"}
2025-04-03 12:46:43 [INFO]: android data-->>[object Object]
2025-04-03 12:46:43 [ERROR]: Error occurred: Invalid request - StatusCode: 400
2025-04-03 12:46:43 [INFO]: Outgoing response: POST /api/inapppurchase/androidWebhook - Status: 400 - Duration: 867ms - Response: "{\"version\":\"1.0.0\",\"statusCode\":400,\"isSuccess\":false,\"data\":null,\"message\":\"Invalid request\"}"
2025-04-03 12:47:01 [INFO]: Incoming request: POST /api/inapppurchase/androidWebhook - Body: {"message":{"data":"eyJ2ZXJzaW9uIjoiMS4wIiwicGFja2FnZU5hbWUiOiJjb20uYXBwLnNvYWtzdHJlYW0iLCJldmVudFRpbWVNaWxsaXMiOiIxNzQzNjg0MDU5NTczIiwidGVzdE5vdGlmaWNhdGlvbiI6eyJ2ZXJzaW9uIjoiMS4wIn19","messageId":"14401331706181310","message_id":"14401331706181310","publishTime":"2025-04-03T12:40:59.631Z","publish_time":"2025-04-03T12:40:59.631Z"},"subscription":"projects/soakstream-app-project/subscriptions/soakstreampurchase-sub-testmk"}
2025-04-03 12:47:01 [INFO]: request=>{"data":"eyJ2ZXJzaW9uIjoiMS4wIiwicGFja2FnZU5hbWUiOiJjb20uYXBwLnNvYWtzdHJlYW0iLCJldmVudFRpbWVNaWxsaXMiOiIxNzQzNjg0MDU5NTczIiwidGVzdE5vdGlmaWNhdGlvbiI6eyJ2ZXJzaW9uIjoiMS4wIn19","messageId":"14401331706181310","message_id":"14401331706181310","publishTime":"2025-04-03T12:40:59.631Z","publish_time":"2025-04-03T12:40:59.631Z"}
2025-04-03 12:47:01 [INFO]: android data-->>{"version":"1.0","packageName":"com.app.soakstream","eventTimeMillis":"1743684059573","testNotification":{"version":"1.0"}}
2025-04-03 12:47:02 [ERROR]: Error occurred: Invalid request - StatusCode: 400
2025-04-03 12:47:02 [INFO]: Outgoing response: POST /api/inapppurchase/androidWebhook - Status: 400 - Duration: 739ms - Response: "{\"version\":\"1.0.0\",\"statusCode\":400,\"isSuccess\":false,\"data\":null,\"message\":\"Invalid request\"}"
2025-04-03 12:48:37 [INFO]: Incoming request: POST /api/inapppurchase/androidWebhook - Body: {"message":{"data":"eyJ2ZXJzaW9uIjoiMS4wIiwicGFja2FnZU5hbWUiOiJjb20uYXBwLnNvYWtzdHJlYW0iLCJldmVudFRpbWVNaWxsaXMiOiIxNzQzNjg0MDU5NTczIiwidGVzdE5vdGlmaWNhdGlvbiI6eyJ2ZXJzaW9uIjoiMS4wIn19","messageId":"14401331706181310","message_id":"14401331706181310","publishTime":"2025-04-03T12:40:59.631Z","publish_time":"2025-04-03T12:40:59.631Z"},"subscription":"projects/soakstream-app-project/subscriptions/soakstreampurchase-sub-testmk"}
2025-04-03 12:48:37 [INFO]: request=>{"data":"eyJ2ZXJzaW9uIjoiMS4wIiwicGFja2FnZU5hbWUiOiJjb20uYXBwLnNvYWtzdHJlYW0iLCJldmVudFRpbWVNaWxsaXMiOiIxNzQzNjg0MDU5NTczIiwidGVzdE5vdGlmaWNhdGlvbiI6eyJ2ZXJzaW9uIjoiMS4wIn19","messageId":"14401331706181310","message_id":"14401331706181310","publishTime":"2025-04-03T12:40:59.631Z","publish_time":"2025-04-03T12:40:59.631Z"}
2025-04-03 12:48:37 [INFO]: android data-->>{"version":"1.0","packageName":"com.app.soakstream","eventTimeMillis":"1743684059573","testNotification":{"version":"1.0"}}
2025-04-03 12:48:38 [ERROR]: Error occurred: Invalid request - StatusCode: 400
2025-04-03 12:48:38 [INFO]: Outgoing response: POST /api/inapppurchase/androidWebhook - Status: 400 - Duration: 748ms - Response: "{\"version\":\"1.0.0\",\"statusCode\":400,\"isSuccess\":false,\"data\":null,\"message\":\"Invalid request\"}"
2025-04-03 12:49:08 [INFO]: Incoming request: POST /api/inapppurchase/getAppleNotification - Body: {"message":{"data":"eyJ2ZXJzaW9uIjoiMS4wIiwicGFja2FnZU5hbWUiOiJjb20uYXBwLnNvYWtzdHJlYW0iLCJldmVudFRpbWVNaWxsaXMiOiIxNzQzNjg0MDU5NTczIiwidGVzdE5vdGlmaWNhdGlvbiI6eyJ2ZXJzaW9uIjoiMS4wIn19","messageId":"14401331706181310","message_id":"14401331706181310","publishTime":"2025-04-03T12:40:59.631Z","publish_time":"2025-04-03T12:40:59.631Z"},"subscription":"projects/soakstream-app-project/subscriptions/soakstreampurchase-sub-testmk"}
2025-04-03 12:49:08 [ERROR]: Error occurred: inAppPurchaseService.getAppleNotification is not a function - StatusCode: 400
2025-04-03 12:49:08 [INFO]: Outgoing response: POST /api/inapppurchase/getAppleNotification - Status: 400 - Duration: 9ms - Response: "{\"version\":\"1.0.0\",\"statusCode\":400,\"isSuccess\":false,\"data\":null,\"message\":\"inAppPurchaseService.getAppleNotification is not a function\"}"
2025-04-03 12:50:20 [INFO]: Incoming request: POST /api/inapppurchase/getAppleNotification - Body: {"message":{"data":"eyJ2ZXJzaW9uIjoiMS4wIiwicGFja2FnZU5hbWUiOiJjb20uYXBwLnNvYWtzdHJlYW0iLCJldmVudFRpbWVNaWxsaXMiOiIxNzQzNjg0MDU5NTczIiwidGVzdE5vdGlmaWNhdGlvbiI6eyJ2ZXJzaW9uIjoiMS4wIn19","messageId":"14401331706181310","message_id":"14401331706181310","publishTime":"2025-04-03T12:40:59.631Z","publish_time":"2025-04-03T12:40:59.631Z"},"subscription":"projects/soakstream-app-project/subscriptions/soakstreampurchase-sub-testmk"}
2025-04-03 12:50:20 [ERROR]: Error occurred: Cannot read properties of undefined (reading 'split') - StatusCode: 400
2025-04-03 12:50:20 [INFO]: Outgoing response: POST /api/inapppurchase/getAppleNotification - Status: 400 - Duration: 8ms - Response: "{\"version\":\"1.0.0\",\"statusCode\":400,\"isSuccess\":false,\"data\":null,\"message\":\"Cannot read properties of undefined (reading 'split')\"}"
2025-04-03 13:03:12 [ERROR]: Error occurred: Unexpected token } in JSON at position 216 - StatusCode: 400
2025-04-03 13:03:16 [INFO]: Incoming request: POST /api/inapppurchase/applePlanPurchase - Body: {"originalTransactionId":"ddbekfdiijehiicojdkphaae.AO-J1OzwEaR_uHLBPJibPc6KeiMhXOueQiMSL-2PoVdx3qgI1FJxihjCPUNWygmPVMXjxW-KZDTYoSxCY7IBk68eJk-i_iRc4A","appleTransactionId":"GPA.3390-7772-0700-20018..5"}
2025-04-03 13:03:16 [INFO]: Outgoing response: POST /applePlanPurchase - Status: 422 - Duration: 19ms - Response: {"version":"1.0.0","statusCode":422,"isSuccess":false,"data":null,"message":"\"amount\" is required"}
2025-04-03 13:03:16 [INFO]: Outgoing response: POST /applePlanPurchase - Status: 422 - Duration: 20ms - Response: "{\"version\":\"1.0.0\",\"statusCode\":422,\"isSuccess\":false,\"data\":null,\"message\":\"\\\"amount\\\" is required\"}"
2025-04-03 13:03:20 [INFO]: Incoming request: POST /api/inapppurchase/applePlanPurchase - Body: {"productId":"monthly_plan","originalTransactionId":"ddbekfdiijehiicojdkphaae.AO-J1OzwEaR_uHLBPJibPc6KeiMhXOueQiMSL-2PoVdx3qgI1FJxihjCPUNWygmPVMXjxW-KZDTYoSxCY7IBk68eJk-i_iRc4A","appleTransactionId":"GPA.3390-7772-0700-20018..5","amount":"50"}
2025-04-03 13:03:20 [ERROR]: Error occurred: user_transactions validation failed: appleTransactionId: Cast to date failed for value "GPA.3390-7772-0700-20018..5" (type string) at path "appleTransactionId", originalTransactionId: Cast to date failed for value "ddbekfdiijehiicojdkphaae.AO-J1OzwEaR_uHLBPJibPc6KeiMhXOueQiMSL-2PoVdx3qgI1FJxihjCPUNWygmPVMXjxW-KZDTYoSxCY7IBk68eJk-i_iRc4A" (type string) at path "originalTransactionId" - StatusCode: 400
2025-04-03 13:03:20 [INFO]: Outgoing response: POST /api/inapppurchase/applePlanPurchase - Status: 400 - Duration: 54ms - Response: "{\"version\":\"1.0.0\",\"statusCode\":400,\"isSuccess\":false,\"data\":null,\"message\":\"user_transactions validation failed: appleTransactionId: Cast to date failed for value \\\"GPA.3390-7772-0700-20018..5\\\" (type string) at path \\\"appleTransactionId\\\", originalTransactionId: Cast to date failed for value \\\"ddbekfdiijehiicojdkphaae.AO-J1OzwEaR_uHLBPJibPc6KeiMhXOueQiMSL-2PoVdx3qgI1FJxihjCPUNWygmPVMXjxW-KZDTYoSxCY7IBk68eJk-i_iRc4A\\\" (type string) at path \\\"originalTransactionId\\\"\"}"
2025-04-03 13:55:53 [INFO]: Incoming request: POST /api/inapppurchase/androidPlanPurchase - Body: {"productId":"monthly_plan","purchaseToken":"ddbekfdiijehiicojdkphaae.AO-J1OzwEaR_uHLBPJibPc6KeiMhXOueQiMSL-2PoVdx3qgI1FJxihjCPUNWygmPVMXjxW-KZDTYoSxCY7IBk68eJk-i_iRc4A","orderId":"GPA.3390-7772-0700-20018..5","type":"purchase","amount":"50"}
2025-04-03 13:55:53 [INFO]: Outgoing response: POST /androidPlanPurchase - Status: 409 - Duration: 30ms - Response: {"version":"1.0.0","statusCode":409,"isSuccess":false,"data":null,"message":"plan_already_running"}
2025-04-03 13:55:53 [INFO]: Outgoing response: POST /androidPlanPurchase - Status: 409 - Duration: 32ms - Response: "{\"version\":\"1.0.0\",\"statusCode\":409,\"isSuccess\":false,\"data\":null,\"message\":\"plan_already_running\"}"
2025-04-03 13:55:54 [INFO]: Incoming request: POST /api/inapppurchase/androidPlanRestore - Body: {"purchaseToken":"ddbekfdiijehiicojdkphaae.AO-J1OzwEaR_uHLBPJibPc6KeiMhXOueQiMSL-2PoVdx3qgI1FJxihjCPUNWygmPVMXjxW-KZDTYoSxCY7IBk68eJk-i_iRc4A"}
2025-04-03 13:55:54 [INFO]: Outgoing response: POST /androidPlanRestore - Status: 200 - Duration: 11ms - Response: {"version":"1.0.0","statusCode":200,"isSuccess":true,"data":{"_id":"67ee55c9d87e29337ed5133c","name":"Mayur patel","email":"mayur.kmphasis@gmail.com","password":"123465","profile":"","ucode":"","token":"","deviceToken":"","isFb":"0","fbId":"","isGoogle":"0","googleId":"","isApple":"0","appleId":"","deleteReason":"","isSubscription":"1","planExpiry":"2025-10-03 13:03:20","lastPurchaseToken":"ddbekfdiijehiicojdkphaae.AO-J1OzwEaR_uHLBPJibPc6KeiMhXOueQiMSL-2PoVdx3qgI1FJxihjCPUNWygmPVMXjxW-KZDTYoSxCY7IBk68eJk-i_iRc4A","originalTransactionId":"ddbekfdiijehiicojdkphaae.AO-J1OzwEaR_uHLBPJibPc6KeiMhXOueQiMSL-2PoVdx3qgI1FJxihjCPUNWygmPVMXjxW-KZDTYoSxCY7IBk68eJk-i_iRc4A","appleTransactionId":"","productId":"monthly_plan","isFreeTrialUsed":1,"is_social_type":"0"},"message":"Plan restored successfully"}
2025-04-03 13:55:54 [INFO]: Outgoing response: POST /androidPlanRestore - Status: 200 - Duration: 14ms - Response: "{\"version\":\"1.0.0\",\"statusCode\":200,\"isSuccess\":true,\"data\":{\"_id\":\"67ee55c9d87e29337ed5133c\",\"name\":\"Mayur patel\",\"email\":\"mayur.kmphasis@gmail.com\",\"password\":\"123465\",\"profile\":\"\",\"ucode\":\"\",\"token\":\"\",\"deviceToken\":\"\",\"isFb\":\"0\",\"fbId\":\"\",\"isGoogle\":\"0\",\"googleId\":\"\",\"isApple\":\"0\",\"appleId\":\"\",\"deleteReason\":\"\",\"isSubscription\":\"1\",\"planExpiry\":\"2025-10-03 13:03:20\",\"lastPurchaseToken\":\"ddbekfdiijehiicojdkphaae.AO-J1OzwEaR_uHLBPJibPc6KeiMhXOueQiMSL-2PoVdx3qgI1FJxihjCPUNWygmPVMXjxW-KZDTYoSxCY7IBk68eJk-i_iRc4A\",\"originalTransactionId\":\"ddbekfdiijehiicojdkphaae.AO-J1OzwEaR_uHLBPJibPc6KeiMhXOueQiMSL-2PoVdx3qgI1FJxihjCPUNWygmPVMXjxW-KZDTYoSxCY7IBk68eJk-i_iRc4A\",\"appleTransactionId\":\"\",\"productId\":\"monthly_plan\",\"isFreeTrialUsed\":1,\"is_social_type\":\"0\"},\"message\":\"Plan restored successfully\"}"
2025-04-03 13:55:57 [INFO]: Incoming request: POST /api/inapppurchase/applePlanPurchase - Body: {"productId":"monthly_plan","originalTransactionId":"ddbekfdiijehiicojdkphaae.AO-J1OzwEaR_uHLBPJibPc6KeiMhXOueQiMSL-2PoVdx3qgI1FJxihjCPUNWygmPVMXjxW-KZDTYoSxCY7IBk68eJk-i_iRc4A","appleTransactionId":"GPA.3390-7772-0700-20018..5","amount":"50"}
2025-04-03 13:55:57 [ERROR]: Error occurred: user_transactions validation failed: appleTransactionId: Cast to date failed for value "GPA.3390-7772-0700-20018..5" (type string) at path "appleTransactionId", originalTransactionId: Cast to date failed for value "ddbekfdiijehiicojdkphaae.AO-J1OzwEaR_uHLBPJibPc6KeiMhXOueQiMSL-2PoVdx3qgI1FJxihjCPUNWygmPVMXjxW-KZDTYoSxCY7IBk68eJk-i_iRc4A" (type string) at path "originalTransactionId" - StatusCode: 400
2025-04-03 13:55:57 [INFO]: Outgoing response: POST /api/inapppurchase/applePlanPurchase - Status: 400 - Duration: 47ms - Response: "{\"version\":\"1.0.0\",\"statusCode\":400,\"isSuccess\":false,\"data\":null,\"message\":\"user_transactions validation failed: appleTransactionId: Cast to date failed for value \\\"GPA.3390-7772-0700-20018..5\\\" (type string) at path \\\"appleTransactionId\\\", originalTransactionId: Cast to date failed for value \\\"ddbekfdiijehiicojdkphaae.AO-J1OzwEaR_uHLBPJibPc6KeiMhXOueQiMSL-2PoVdx3qgI1FJxihjCPUNWygmPVMXjxW-KZDTYoSxCY7IBk68eJk-i_iRc4A\\\" (type string) at path \\\"originalTransactionId\\\"\"}"
2025-04-03 13:56:03 [INFO]: Incoming request: POST /api/inapppurchase/androidWebhook - Body: {"message":{"data":"eyJ2ZXJzaW9uIjoiMS4wIiwicGFja2FnZU5hbWUiOiJjb20uYXBwLnNvYWtzdHJlYW0iLCJldmVudFRpbWVNaWxsaXMiOiIxNzQzNjg0MDU5NTczIiwidGVzdE5vdGlmaWNhdGlvbiI6eyJ2ZXJzaW9uIjoiMS4wIn19","messageId":"14401331706181310","message_id":"14401331706181310","publishTime":"2025-04-03T12:40:59.631Z","publish_time":"2025-04-03T12:40:59.631Z"},"subscription":"projects/soakstream-app-project/subscriptions/soakstreampurchase-sub-testmk"}
2025-04-03 13:56:03 [INFO]: request=>{"data":"eyJ2ZXJzaW9uIjoiMS4wIiwicGFja2FnZU5hbWUiOiJjb20uYXBwLnNvYWtzdHJlYW0iLCJldmVudFRpbWVNaWxsaXMiOiIxNzQzNjg0MDU5NTczIiwidGVzdE5vdGlmaWNhdGlvbiI6eyJ2ZXJzaW9uIjoiMS4wIn19","messageId":"14401331706181310","message_id":"14401331706181310","publishTime":"2025-04-03T12:40:59.631Z","publish_time":"2025-04-03T12:40:59.631Z"}
2025-04-03 13:56:03 [INFO]: android data-->>{"version":"1.0","packageName":"com.app.soakstream","eventTimeMillis":"1743684059573","testNotification":{"version":"1.0"}}
2025-04-03 13:56:04 [ERROR]: Error occurred: Invalid request - StatusCode: 400
2025-04-03 13:56:04 [INFO]: Outgoing response: POST /api/inapppurchase/androidWebhook - Status: 400 - Duration: 736ms - Response: "{\"version\":\"1.0.0\",\"statusCode\":400,\"isSuccess\":false,\"data\":null,\"message\":\"Invalid request\"}"
2025-04-03 13:56:37 [INFO]: Incoming request: POST /api/inapppurchase/androidPlanPurchase - Body: {"productId":"monthly_plan","purchaseToken":"ddbekfdiijehiicojdkphaae.AO-J1OzwEaR_uHLBPJibPc6KeiMhXOueQiMSL-2PoVdx3qgI1FJxihjCPUNWygmPVMXjxW-KZDTYoSxCY7IBk68eJk-i_iRc4A","orderId":"GPA.3390-7772-0700-20018..5","type":"purchase","amount":"50"}
2025-04-03 13:56:38 [INFO]: Outgoing response: POST /androidPlanPurchase - Status: 200 - Duration: 762ms - Response: {"version":"1.0.0","statusCode":200,"isSuccess":true,"data":{"_id":"67ee55c9d87e29337ed5133c","name":"Mayur patel","email":"mayur.kmphasis@gmail.com","password":"123465","profile":"","ucode":"","token":"","deviceToken":"","isFb":"0","fbId":"","isGoogle":"0","googleId":"","isApple":"0","appleId":"","deleteReason":"","isSubscription":"1","planExpiry":"2025-04-03 11:14:03","lastPurchaseToken":"ddbekfdiijehiicojdkphaae.AO-J1OzwEaR_uHLBPJibPc6KeiMhXOueQiMSL-2PoVdx3qgI1FJxihjCPUNWygmPVMXjxW-KZDTYoSxCY7IBk68eJk-i_iRc4A","originalTransactionId":"ddbekfdiijehiicojdkphaae.AO-J1OzwEaR_uHLBPJibPc6KeiMhXOueQiMSL-2PoVdx3qgI1FJxihjCPUNWygmPVMXjxW-KZDTYoSxCY7IBk68eJk-i_iRc4A","appleTransactionId":"","productId":"monthly_plan","isFreeTrialUsed":1},"message":"Plan purchased successfully"}
2025-04-03 13:56:38 [INFO]: Outgoing response: POST /androidPlanPurchase - Status: 200 - Duration: 765ms - Response: "{\"version\":\"1.0.0\",\"statusCode\":200,\"isSuccess\":true,\"data\":{\"_id\":\"67ee55c9d87e29337ed5133c\",\"name\":\"Mayur patel\",\"email\":\"mayur.kmphasis@gmail.com\",\"password\":\"123465\",\"profile\":\"\",\"ucode\":\"\",\"token\":\"\",\"deviceToken\":\"\",\"isFb\":\"0\",\"fbId\":\"\",\"isGoogle\":\"0\",\"googleId\":\"\",\"isApple\":\"0\",\"appleId\":\"\",\"deleteReason\":\"\",\"isSubscription\":\"1\",\"planExpiry\":\"2025-04-03 11:14:03\",\"lastPurchaseToken\":\"ddbekfdiijehiicojdkphaae.AO-J1OzwEaR_uHLBPJibPc6KeiMhXOueQiMSL-2PoVdx3qgI1FJxihjCPUNWygmPVMXjxW-KZDTYoSxCY7IBk68eJk-i_iRc4A\",\"originalTransactionId\":\"ddbekfdiijehiicojdkphaae.AO-J1OzwEaR_uHLBPJibPc6KeiMhXOueQiMSL-2PoVdx3qgI1FJxihjCPUNWygmPVMXjxW-KZDTYoSxCY7IBk68eJk-i_iRc4A\",\"appleTransactionId\":\"\",\"productId\":\"monthly_plan\",\"isFreeTrialUsed\":1},\"message\":\"Plan purchased successfully\"}"
2025-04-03 13:56:42 [INFO]: Incoming request: POST /api/inapppurchase/androidPlanRestore - Body: {"purchaseToken":"ddbekfdiijehiicojdkphaae.AO-J1OzwEaR_uHLBPJibPc6KeiMhXOueQiMSL-2PoVdx3qgI1FJxihjCPUNWygmPVMXjxW-KZDTYoSxCY7IBk68eJk-i_iRc4A"}
2025-04-03 13:56:42 [INFO]: Outgoing response: POST /androidPlanRestore - Status: 200 - Duration: 11ms - Response: {"version":"1.0.0","statusCode":200,"isSuccess":true,"data":{"_id":"67ee55c9d87e29337ed5133c","name":"Mayur patel","email":"mayur.kmphasis@gmail.com","password":"123465","profile":"","ucode":"","token":"","deviceToken":"","isFb":"0","fbId":"","isGoogle":"0","googleId":"","isApple":"0","appleId":"","deleteReason":"","isSubscription":"1","planExpiry":"2025-04-03 11:14:03","lastPurchaseToken":"ddbekfdiijehiicojdkphaae.AO-J1OzwEaR_uHLBPJibPc6KeiMhXOueQiMSL-2PoVdx3qgI1FJxihjCPUNWygmPVMXjxW-KZDTYoSxCY7IBk68eJk-i_iRc4A","originalTransactionId":"ddbekfdiijehiicojdkphaae.AO-J1OzwEaR_uHLBPJibPc6KeiMhXOueQiMSL-2PoVdx3qgI1FJxihjCPUNWygmPVMXjxW-KZDTYoSxCY7IBk68eJk-i_iRc4A","appleTransactionId":"","productId":"monthly_plan","isFreeTrialUsed":1,"is_social_type":"0"},"message":"Plan restored successfully"}
2025-04-03 13:56:42 [INFO]: Outgoing response: POST /androidPlanRestore - Status: 200 - Duration: 13ms - Response: "{\"version\":\"1.0.0\",\"statusCode\":200,\"isSuccess\":true,\"data\":{\"_id\":\"67ee55c9d87e29337ed5133c\",\"name\":\"Mayur patel\",\"email\":\"mayur.kmphasis@gmail.com\",\"password\":\"123465\",\"profile\":\"\",\"ucode\":\"\",\"token\":\"\",\"deviceToken\":\"\",\"isFb\":\"0\",\"fbId\":\"\",\"isGoogle\":\"0\",\"googleId\":\"\",\"isApple\":\"0\",\"appleId\":\"\",\"deleteReason\":\"\",\"isSubscription\":\"1\",\"planExpiry\":\"2025-04-03 11:14:03\",\"lastPurchaseToken\":\"ddbekfdiijehiicojdkphaae.AO-J1OzwEaR_uHLBPJibPc6KeiMhXOueQiMSL-2PoVdx3qgI1FJxihjCPUNWygmPVMXjxW-KZDTYoSxCY7IBk68eJk-i_iRc4A\",\"originalTransactionId\":\"ddbekfdiijehiicojdkphaae.AO-J1OzwEaR_uHLBPJibPc6KeiMhXOueQiMSL-2PoVdx3qgI1FJxihjCPUNWygmPVMXjxW-KZDTYoSxCY7IBk68eJk-i_iRc4A\",\"appleTransactionId\":\"\",\"productId\":\"monthly_plan\",\"isFreeTrialUsed\":1,\"is_social_type\":\"0\"},\"message\":\"Plan restored successfully\"}"
2025-04-03 13:56:49 [INFO]: Incoming request: POST /api/inapppurchase/androidPlanRestore - Body: {"purchaseToken":"ddbekfdiijehiicojdkphaae.AO-J1OzwEaR_uHLBPJibPc6KeiMhXOueQiMSL-2PoVdx3qgI1FJxihjCPUNWygmPVMXjxW-KZDTYoSxCY7IBk68eJk-i_iRc4A"}
2025-04-03 13:56:49 [INFO]: Outgoing response: POST /androidPlanRestore - Status: 200 - Duration: 10ms - Response: {"version":"1.0.0","statusCode":200,"isSuccess":true,"data":{"_id":"67ee55c9d87e29337ed5133c","name":"Mayur patel","email":"mayur.kmphasis@gmail.com","password":"123465","profile":"","ucode":"","token":"","deviceToken":"","isFb":"0","fbId":"","isGoogle":"0","googleId":"","isApple":"0","appleId":"","deleteReason":"","isSubscription":"1","planExpiry":"2025-04-03 11:14:03","lastPurchaseToken":"ddbekfdiijehiicojdkphaae.AO-J1OzwEaR_uHLBPJibPc6KeiMhXOueQiMSL-2PoVdx3qgI1FJxihjCPUNWygmPVMXjxW-KZDTYoSxCY7IBk68eJk-i_iRc4A","originalTransactionId":"ddbekfdiijehiicojdkphaae.AO-J1OzwEaR_uHLBPJibPc6KeiMhXOueQiMSL-2PoVdx3qgI1FJxihjCPUNWygmPVMXjxW-KZDTYoSxCY7IBk68eJk-i_iRc4A","appleTransactionId":"","productId":"monthly_plan","isFreeTrialUsed":1,"is_social_type":"0"},"message":"Plan restored successfully"}
2025-04-03 13:56:49 [INFO]: Outgoing response: POST /androidPlanRestore - Status: 200 - Duration: 11ms - Response: "{\"version\":\"1.0.0\",\"statusCode\":200,\"isSuccess\":true,\"data\":{\"_id\":\"67ee55c9d87e29337ed5133c\",\"name\":\"Mayur patel\",\"email\":\"mayur.kmphasis@gmail.com\",\"password\":\"123465\",\"profile\":\"\",\"ucode\":\"\",\"token\":\"\",\"deviceToken\":\"\",\"isFb\":\"0\",\"fbId\":\"\",\"isGoogle\":\"0\",\"googleId\":\"\",\"isApple\":\"0\",\"appleId\":\"\",\"deleteReason\":\"\",\"isSubscription\":\"1\",\"planExpiry\":\"2025-04-03 11:14:03\",\"lastPurchaseToken\":\"ddbekfdiijehiicojdkphaae.AO-J1OzwEaR_uHLBPJibPc6KeiMhXOueQiMSL-2PoVdx3qgI1FJxihjCPUNWygmPVMXjxW-KZDTYoSxCY7IBk68eJk-i_iRc4A\",\"originalTransactionId\":\"ddbekfdiijehiicojdkphaae.AO-J1OzwEaR_uHLBPJibPc6KeiMhXOueQiMSL-2PoVdx3qgI1FJxihjCPUNWygmPVMXjxW-KZDTYoSxCY7IBk68eJk-i_iRc4A\",\"appleTransactionId\":\"\",\"productId\":\"monthly_plan\",\"isFreeTrialUsed\":1,\"is_social_type\":\"0\"},\"message\":\"Plan restored successfully\"}"
2025-04-03 14:01:20 [INFO]: Incoming request: POST /api/inapppurchase/androidPlanPurchase - Body: {"productId":"monthly_plan","purchaseToken":"ddbekfdiijehiicojdkphaae.AO-J1OzwEaR_uHLBPJibPc6KeiMhXOueQiMSL-2PoVdx3qgI1FJxihjCPUNWygmPVMXjxW-KZDTYoSxCY7IBk68eJk-i_iRc4A","orderId":"GPA.3390-7772-0700-20018..5","type":"purchase","amount":"50"}
2025-04-03 14:01:20 [INFO]: Outgoing response: POST /androidPlanPurchase - Status: 409 - Duration: 25ms - Response: {"version":"1.0.0","statusCode":409,"isSuccess":false,"data":null,"message":"plan_already_running"}
2025-04-03 14:01:20 [INFO]: Outgoing response: POST /androidPlanPurchase - Status: 409 - Duration: 26ms - Response: "{\"version\":\"1.0.0\",\"statusCode\":409,\"isSuccess\":false,\"data\":null,\"message\":\"plan_already_running\"}"
2025-04-03 14:01:31 [INFO]: Incoming request: POST /api/inapppurchase/androidPlanPurchase - Body: {"productId":"monthly_plan","purchaseToken":"ddbekfdiijehiicojdkphaae.AO-J1OzwEaR_uHLBPJibPc6KeiMhXOueQiMSL-2PoVdx3qgI1FJxihjCPUNWygmPVMXjxW-KZDTYoSxCY7IBk68eJk-i_iRc4A","orderId":"GPA.3390-7772-0700-20018..5","type":"purchase","amount":"50"}
2025-04-03 14:01:32 [INFO]: Outgoing response: POST /androidPlanPurchase - Status: 200 - Duration: 976ms - Response: {"version":"1.0.0","statusCode":200,"isSuccess":true,"data":{"_id":"67ee55c9d87e29337ed5133c","name":"Mayur patel","email":"mayur.kmphasis@gmail.com","password":"123465","profile":"","ucode":"","token":"","deviceToken":"","isFb":"0","fbId":"","isGoogle":"0","googleId":"","isApple":"0","appleId":"","deleteReason":"","isSubscription":"1","planExpiry":"2025-04-03 11:14:03","lastPurchaseToken":"ddbekfdiijehiicojdkphaae.AO-J1OzwEaR_uHLBPJibPc6KeiMhXOueQiMSL-2PoVdx3qgI1FJxihjCPUNWygmPVMXjxW-KZDTYoSxCY7IBk68eJk-i_iRc4A","originalTransactionId":"ddbekfdiijehiicojdkphaae.AO-J1OzwEaR_uHLBPJibPc6KeiMhXOueQiMSL-2PoVdx3qgI1FJxihjCPUNWygmPVMXjxW-KZDTYoSxCY7IBk68eJk-i_iRc4A","appleTransactionId":"","productId":"monthly_plan","isFreeTrialUsed":1},"message":"Plan purchased successfully"}
2025-04-03 14:01:32 [INFO]: Outgoing response: POST /androidPlanPurchase - Status: 200 - Duration: 978ms - Response: "{\"version\":\"1.0.0\",\"statusCode\":200,\"isSuccess\":true,\"data\":{\"_id\":\"67ee55c9d87e29337ed5133c\",\"name\":\"Mayur patel\",\"email\":\"mayur.kmphasis@gmail.com\",\"password\":\"123465\",\"profile\":\"\",\"ucode\":\"\",\"token\":\"\",\"deviceToken\":\"\",\"isFb\":\"0\",\"fbId\":\"\",\"isGoogle\":\"0\",\"googleId\":\"\",\"isApple\":\"0\",\"appleId\":\"\",\"deleteReason\":\"\",\"isSubscription\":\"1\",\"planExpiry\":\"2025-04-03 11:14:03\",\"lastPurchaseToken\":\"ddbekfdiijehiicojdkphaae.AO-J1OzwEaR_uHLBPJibPc6KeiMhXOueQiMSL-2PoVdx3qgI1FJxihjCPUNWygmPVMXjxW-KZDTYoSxCY7IBk68eJk-i_iRc4A\",\"originalTransactionId\":\"ddbekfdiijehiicojdkphaae.AO-J1OzwEaR_uHLBPJibPc6KeiMhXOueQiMSL-2PoVdx3qgI1FJxihjCPUNWygmPVMXjxW-KZDTYoSxCY7IBk68eJk-i_iRc4A\",\"appleTransactionId\":\"\",\"productId\":\"monthly_plan\",\"isFreeTrialUsed\":1},\"message\":\"Plan purchased successfully\"}"
2025-04-03 14:01:33 [INFO]: Incoming request: POST /api/inapppurchase/androidPlanRestore - Body: {"purchaseToken":"ddbekfdiijehiicojdkphaae.AO-J1OzwEaR_uHLBPJibPc6KeiMhXOueQiMSL-2PoVdx3qgI1FJxihjCPUNWygmPVMXjxW-KZDTYoSxCY7IBk68eJk-i_iRc4A"}
2025-04-03 14:01:33 [INFO]: Outgoing response: POST /androidPlanRestore - Status: 200 - Duration: 13ms - Response: {"version":"1.0.0","statusCode":200,"isSuccess":true,"data":{"_id":"67ee55c9d87e29337ed5133c","name":"Mayur patel","email":"mayur.kmphasis@gmail.com","password":"123465","profile":"","ucode":"","token":"","deviceToken":"","isFb":"0","fbId":"","isGoogle":"0","googleId":"","isApple":"0","appleId":"","deleteReason":"","isSubscription":"1","planExpiry":"2025-04-03 11:14:03","lastPurchaseToken":"ddbekfdiijehiicojdkphaae.AO-J1OzwEaR_uHLBPJibPc6KeiMhXOueQiMSL-2PoVdx3qgI1FJxihjCPUNWygmPVMXjxW-KZDTYoSxCY7IBk68eJk-i_iRc4A","originalTransactionId":"ddbekfdiijehiicojdkphaae.AO-J1OzwEaR_uHLBPJibPc6KeiMhXOueQiMSL-2PoVdx3qgI1FJxihjCPUNWygmPVMXjxW-KZDTYoSxCY7IBk68eJk-i_iRc4A","appleTransactionId":"","productId":"monthly_plan","isFreeTrialUsed":1,"is_social_type":"0"},"message":"Plan restored successfully"}
2025-04-03 14:01:33 [INFO]: Outgoing response: POST /androidPlanRestore - Status: 200 - Duration: 14ms - Response: "{\"version\":\"1.0.0\",\"statusCode\":200,\"isSuccess\":true,\"data\":{\"_id\":\"67ee55c9d87e29337ed5133c\",\"name\":\"Mayur patel\",\"email\":\"mayur.kmphasis@gmail.com\",\"password\":\"123465\",\"profile\":\"\",\"ucode\":\"\",\"token\":\"\",\"deviceToken\":\"\",\"isFb\":\"0\",\"fbId\":\"\",\"isGoogle\":\"0\",\"googleId\":\"\",\"isApple\":\"0\",\"appleId\":\"\",\"deleteReason\":\"\",\"isSubscription\":\"1\",\"planExpiry\":\"2025-04-03 11:14:03\",\"lastPurchaseToken\":\"ddbekfdiijehiicojdkphaae.AO-J1OzwEaR_uHLBPJibPc6KeiMhXOueQiMSL-2PoVdx3qgI1FJxihjCPUNWygmPVMXjxW-KZDTYoSxCY7IBk68eJk-i_iRc4A\",\"originalTransactionId\":\"ddbekfdiijehiicojdkphaae.AO-J1OzwEaR_uHLBPJibPc6KeiMhXOueQiMSL-2PoVdx3qgI1FJxihjCPUNWygmPVMXjxW-KZDTYoSxCY7IBk68eJk-i_iRc4A\",\"appleTransactionId\":\"\",\"productId\":\"monthly_plan\",\"isFreeTrialUsed\":1,\"is_social_type\":\"0\"},\"message\":\"Plan restored successfully\"}"
2025-04-03 14:01:36 [INFO]: Incoming request: POST /api/inapppurchase/androidWebhook - Body: {"message":{"data":"eyJ2ZXJzaW9uIjoiMS4wIiwicGFja2FnZU5hbWUiOiJjb20uYXBwLnNvYWtzdHJlYW0iLCJldmVudFRpbWVNaWxsaXMiOiIxNzQzNjg0MDU5NTczIiwidGVzdE5vdGlmaWNhdGlvbiI6eyJ2ZXJzaW9uIjoiMS4wIn19","messageId":"14401331706181310","message_id":"14401331706181310","publishTime":"2025-04-03T12:40:59.631Z","publish_time":"2025-04-03T12:40:59.631Z"},"subscription":"projects/soakstream-app-project/subscriptions/soakstreampurchase-sub-testmk"}
2025-04-03 14:01:36 [INFO]: request=>{"data":"eyJ2ZXJzaW9uIjoiMS4wIiwicGFja2FnZU5hbWUiOiJjb20uYXBwLnNvYWtzdHJlYW0iLCJldmVudFRpbWVNaWxsaXMiOiIxNzQzNjg0MDU5NTczIiwidGVzdE5vdGlmaWNhdGlvbiI6eyJ2ZXJzaW9uIjoiMS4wIn19","messageId":"14401331706181310","message_id":"14401331706181310","publishTime":"2025-04-03T12:40:59.631Z","publish_time":"2025-04-03T12:40:59.631Z"}
2025-04-03 14:01:36 [INFO]: android data-->>{"version":"1.0","packageName":"com.app.soakstream","eventTimeMillis":"1743684059573","testNotification":{"version":"1.0"}}
2025-04-03 14:01:36 [ERROR]: Error occurred: Invalid request - StatusCode: 400
2025-04-03 14:01:36 [INFO]: Outgoing response: POST /api/inapppurchase/androidWebhook - Status: 400 - Duration: 418ms - Response: "{\"version\":\"1.0.0\",\"statusCode\":400,\"isSuccess\":false,\"data\":null,\"message\":\"Invalid request\"}"
2025-04-03 14:01:39 [INFO]: Incoming request: POST /api/inapppurchase/appleRestorePlanSchema - Body: {"appleTransactionId":"monthly_plan","originalTransactionId":"ddbekfdiijehiicojdkphaae.AO-J1OzwEaR_uHLBPJibPc6KeiMhXOueQiMSL-2PoVdx3qgI1FJxihjCPUNWygmPVMXjxW-KZDTYoSxCY7IBk68eJk-i_iRc4A"}
2025-04-03 14:01:39 [ERROR]: Error occurred: Cannot find /api/inapppurchase/appleRestorePlanSchema on this server - StatusCode: 404
2025-04-03 14:01:39 [INFO]: Outgoing response: POST /api/inapppurchase/appleRestorePlanSchema - Status: 404 - Duration: 2ms - Response: "{\"version\":\"1.0.0\",\"statusCode\":404,\"isSuccess\":false,\"data\":null,\"message\":\"Cannot find /api/inapppurchase/appleRestorePlanSchema on this server\"}"
2025-04-03 14:01:55 [INFO]: Incoming request: POST /api/inapppurchase/applePlanRestore - Body: {"appleTransactionId":"monthly_plan","originalTransactionId":"ddbekfdiijehiicojdkphaae.AO-J1OzwEaR_uHLBPJibPc6KeiMhXOueQiMSL-2PoVdx3qgI1FJxihjCPUNWygmPVMXjxW-KZDTYoSxCY7IBk68eJk-i_iRc4A"}
2025-04-03 14:01:55 [ERROR]: Error occurred: appleTransactionsRepository is not defined - StatusCode: 400
2025-04-03 14:01:55 [INFO]: Outgoing response: POST /api/inapppurchase/applePlanRestore - Status: 400 - Duration: 10ms - Response: "{\"version\":\"1.0.0\",\"statusCode\":400,\"isSuccess\":false,\"data\":null,\"message\":\"appleTransactionsRepository is not defined\"}"
2025-04-03 14:02:10 [INFO]: Incoming request: POST /api/inapppurchase/applePlanRestore - Body: {"appleTransactionId":"monthly_plan","originalTransactionId":"ddbekfdiijehiicojdkphaae.AO-J1OzwEaR_uHLBPJibPc6KeiMhXOueQiMSL-2PoVdx3qgI1FJxihjCPUNWygmPVMXjxW-KZDTYoSxCY7IBk68eJk-i_iRc4A"}
2025-04-03 14:02:10 [INFO]: Outgoing response: POST /applePlanRestore - Status: 409 - Duration: 34ms - Response: {"version":"1.0.0","statusCode":409,"isSuccess":false,"data":"restore_success","message":{"_id":"67ee55c9d87e29337ed5133c","name":"Mayur patel","email":"mayur.kmphasis@gmail.com","password":"123465","profile":"","ucode":"","token":"","deviceToken":"","isFb":"0","fbId":"","isGoogle":"0","googleId":"","isApple":"0","appleId":"","deleteReason":"","isSubscription":"1","planExpiry":"2025-04-03 14:02:10","lastPurchaseToken":"ddbekfdiijehiicojdkphaae.AO-J1OzwEaR_uHLBPJibPc6KeiMhXOueQiMSL-2PoVdx3qgI1FJxihjCPUNWygmPVMXjxW-KZDTYoSxCY7IBk68eJk-i_iRc4A","originalTransactionId":"ddbekfdiijehiicojdkphaae.AO-J1OzwEaR_uHLBPJibPc6KeiMhXOueQiMSL-2PoVdx3qgI1FJxihjCPUNWygmPVMXjxW-KZDTYoSxCY7IBk68eJk-i_iRc4A","appleTransactionId":"monthly_plan","productId":"monthly_plan","isFreeTrialUsed":1,"is_social_type":"0"}}
2025-04-03 14:02:10 [INFO]: Outgoing response: POST /applePlanRestore - Status: 409 - Duration: 37ms - Response: "{\"version\":\"1.0.0\",\"statusCode\":409,\"isSuccess\":false,\"data\":\"restore_success\",\"message\":{\"_id\":\"67ee55c9d87e29337ed5133c\",\"name\":\"Mayur patel\",\"email\":\"mayur.kmphasis@gmail.com\",\"password\":\"123465\",\"profile\":\"\",\"ucode\":\"\",\"token\":\"\",\"deviceToken\":\"\",\"isFb\":\"0\",\"fbId\":\"\",\"isGoogle\":\"0\",\"googleId\":\"\",\"isApple\":\"0\",\"appleId\":\"\",\"deleteReason\":\"\",\"isSubscription\":\"1\",\"planExpiry\":\"2025-04-03 14:02:10\",\"lastPurchaseToken\":\"ddbekfdiijehiicojdkphaae.AO-J1OzwEaR_uHLBPJibPc6KeiMhXOueQiMSL-2PoVdx3qgI1FJxihjCPUNWygmPVMXjxW-KZDTYoSxCY7IBk68eJk-i_iRc4A\",\"originalTransactionId\":\"ddbekfdiijehiicojdkphaae.AO-J1OzwEaR_uHLBPJibPc6KeiMhXOueQiMSL-2PoVdx3qgI1FJxihjCPUNWygmPVMXjxW-KZDTYoSxCY7IBk68eJk-i_iRc4A\",\"appleTransactionId\":\"monthly_plan\",\"productId\":\"monthly_plan\",\"isFreeTrialUsed\":1,\"is_social_type\":\"0\"}}"
2025-04-03 14:04:28 [INFO]: Incoming request: POST /api/inapppurchase/androidWebhook - Body: {"message":{"data":"eyJ2ZXJzaW9uIjoiMS4wIiwicGFja2FnZU5hbWUiOiJjb20uYXBwLnNvYWtzdHJlYW0iLCJldmVudFRpbWVNaWxsaXMiOiIxNzQzNjg5MDY3MzE3Iiwic3Vic2NyaXB0aW9uTm90aWZpY2F0aW9uIjp7InZlcnNpb24iOiIxLjAiLCJub3RpZmljYXRpb25UeXBlIjozLCJwdXJjaGFzZVRva2VuIjoibWlrZWtlY29wYnBwZWpubmZhZ2NrbmZiLkFPLUoxT3lqOGp4eG1aSHZ1OE9QbUh6UmpxX28zLTNUOTJySGcxUklpUklLWkItU2x5NDh0eHJYckpqd2lhamNkUmZodjVYM1N1bWtVd3E0S3o4QzVkUGNKcGQtOVRQc0lRIiwic3Vic2NyaXB0aW9uSWQiOiJtb250aGx5X3BsYW4ifX0=","messageId":"14402074357972765","message_id":"14402074357972765","publishTime":"2025-04-03T14:04:27.495Z","publish_time":"2025-04-03T14:04:27.495Z"},"subscription":"projects/soakstream-app-project/subscriptions/soakstreampurchase-sub-testmk"}
2025-04-03 14:04:28 [INFO]: request=>{"data":"eyJ2ZXJzaW9uIjoiMS4wIiwicGFja2FnZU5hbWUiOiJjb20uYXBwLnNvYWtzdHJlYW0iLCJldmVudFRpbWVNaWxsaXMiOiIxNzQzNjg5MDY3MzE3Iiwic3Vic2NyaXB0aW9uTm90aWZpY2F0aW9uIjp7InZlcnNpb24iOiIxLjAiLCJub3RpZmljYXRpb25UeXBlIjozLCJwdXJjaGFzZVRva2VuIjoibWlrZWtlY29wYnBwZWpubmZhZ2NrbmZiLkFPLUoxT3lqOGp4eG1aSHZ1OE9QbUh6UmpxX28zLTNUOTJySGcxUklpUklLWkItU2x5NDh0eHJYckpqd2lhamNkUmZodjVYM1N1bWtVd3E0S3o4QzVkUGNKcGQtOVRQc0lRIiwic3Vic2NyaXB0aW9uSWQiOiJtb250aGx5X3BsYW4ifX0=","messageId":"14402074357972765","message_id":"14402074357972765","publishTime":"2025-04-03T14:04:27.495Z","publish_time":"2025-04-03T14:04:27.495Z"}
2025-04-03 14:04:28 [INFO]: android data-->>{"version":"1.0","packageName":"com.app.soakstream","eventTimeMillis":"1743689067317","subscriptionNotification":{"version":"1.0","notificationType":3,"purchaseToken":"mikekecopbppejnnfagcknfb.AO-J1Oyj8jxxmZHvu8OPmHzRjq_o3-3T92rHg1RIiRIKZB-Sly48txrXrJjwiajcdRfhv5X3SumkUwq4Kz8C5dPcJpd-9TPsIQ","subscriptionId":"monthly_plan"}}
2025-04-03 14:04:29 [INFO]: subscriptionData-->>[object Object]
2025-04-03 14:04:29 [INFO]: checkTransaction==================>>>>>:null
2025-04-03 14:04:29 [INFO]: obfuscatedExternalAccountId=========>>>>:9565
2025-04-03 14:04:29 [INFO]: getObfuscatedExternalAccountId=========>>>>:undefined
2025-04-03 14:04:29 [INFO]: userProfileId==================>>>>>:9565
2025-04-03 14:04:29 [INFO]: purchaseDate===============>>>>>:Sat Jan 11 2025 08:34:44 GMT+0000 (Coordinated Universal Time)
2025-04-03 14:04:29 [INFO]: expireDate===============>>>>>:Fri Apr 11 2025 08:34:34 GMT+0000 (Coordinated Universal Time)
2025-04-03 14:04:29 [INFO]: Outgoing response: POST /androidWebhook - Status: 200 - Duration: 978ms - Response: {"version":"1.0.0","statusCode":200,"isSuccess":true,"data":{},"message":"get webhook data successfully"}
2025-04-03 14:04:29 [INFO]: Outgoing response: POST /androidWebhook - Status: 200 - Duration: 978ms - Response: "{\"version\":\"1.0.0\",\"statusCode\":200,\"isSuccess\":true,\"data\":{},\"message\":\"get webhook data successfully\"}"
2025-04-03 14:07:01 [INFO]: Incoming request: POST /api/inapppurchase/applePlanRestore - Body: {"appleTransactionId":"monthly_plan","originalTransactionId":"ddbekfdiijehiicojdkphaae.AO-J1OzwEaR_uHLBPJibPc6KeiMhXOueQiMSL-2PoVdx3qgI1FJxihjCPUNWygmPVMXjxW-KZDTYoSxCY7IBk68eJk-i_iRc4A"}
2025-04-03 14:07:02 [INFO]: Outgoing response: POST /applePlanRestore - Status: 409 - Duration: 36ms - Response: {"version":"1.0.0","statusCode":409,"isSuccess":false,"data":"Plan restored successfully","message":{"_id":"67ee55c9d87e29337ed5133c","name":"Mayur patel","email":"mayur.kmphasis@gmail.com","password":"123465","profile":"","ucode":"","token":"","deviceToken":"","isFb":"0","fbId":"","isGoogle":"0","googleId":"","isApple":"0","appleId":"","deleteReason":"","isSubscription":"1","planExpiry":"2025-04-03 14:07:01","lastPurchaseToken":"ddbekfdiijehiicojdkphaae.AO-J1OzwEaR_uHLBPJibPc6KeiMhXOueQiMSL-2PoVdx3qgI1FJxihjCPUNWygmPVMXjxW-KZDTYoSxCY7IBk68eJk-i_iRc4A","originalTransactionId":"ddbekfdiijehiicojdkphaae.AO-J1OzwEaR_uHLBPJibPc6KeiMhXOueQiMSL-2PoVdx3qgI1FJxihjCPUNWygmPVMXjxW-KZDTYoSxCY7IBk68eJk-i_iRc4A","appleTransactionId":"monthly_plan","productId":"monthly_plan","isFreeTrialUsed":1,"is_social_type":"0"}}
2025-04-03 14:07:02 [INFO]: Outgoing response: POST /applePlanRestore - Status: 409 - Duration: 38ms - Response: "{\"version\":\"1.0.0\",\"statusCode\":409,\"isSuccess\":false,\"data\":\"Plan restored successfully\",\"message\":{\"_id\":\"67ee55c9d87e29337ed5133c\",\"name\":\"Mayur patel\",\"email\":\"mayur.kmphasis@gmail.com\",\"password\":\"123465\",\"profile\":\"\",\"ucode\":\"\",\"token\":\"\",\"deviceToken\":\"\",\"isFb\":\"0\",\"fbId\":\"\",\"isGoogle\":\"0\",\"googleId\":\"\",\"isApple\":\"0\",\"appleId\":\"\",\"deleteReason\":\"\",\"isSubscription\":\"1\",\"planExpiry\":\"2025-04-03 14:07:01\",\"lastPurchaseToken\":\"ddbekfdiijehiicojdkphaae.AO-J1OzwEaR_uHLBPJibPc6KeiMhXOueQiMSL-2PoVdx3qgI1FJxihjCPUNWygmPVMXjxW-KZDTYoSxCY7IBk68eJk-i_iRc4A\",\"originalTransactionId\":\"ddbekfdiijehiicojdkphaae.AO-J1OzwEaR_uHLBPJibPc6KeiMhXOueQiMSL-2PoVdx3qgI1FJxihjCPUNWygmPVMXjxW-KZDTYoSxCY7IBk68eJk-i_iRc4A\",\"appleTransactionId\":\"monthly_plan\",\"productId\":\"monthly_plan\",\"isFreeTrialUsed\":1,\"is_social_type\":\"0\"}}"
2025-04-03 14:07:23 [INFO]: Incoming request: POST /api/inapppurchase/applePlanRestore - Body: {"appleTransactionId":"monthly_plan","originalTransactionId":"ddbekfdiijehiicojdkphaae.AO-J1OzwEaR_uHLBPJibPc6KeiMhXOueQiMSL-2PoVdx3qgI1FJxihjCPUNWygmPVMXjxW-KZDTYoSxCY7IBk68eJk-i_iRc4A"}
2025-04-03 14:07:23 [INFO]: Outgoing response: POST /applePlanRestore - Status: 200 - Duration: 33ms - Response: {"version":"1.0.0","statusCode":200,"isSuccess":true,"data":{"_id":"67ee55c9d87e29337ed5133c","name":"Mayur patel","email":"mayur.kmphasis@gmail.com","password":"123465","profile":"","ucode":"","token":"","deviceToken":"","isFb":"0","fbId":"","isGoogle":"0","googleId":"","isApple":"0","appleId":"","deleteReason":"","isSubscription":"1","planExpiry":"2025-04-03 14:07:23","lastPurchaseToken":"ddbekfdiijehiicojdkphaae.AO-J1OzwEaR_uHLBPJibPc6KeiMhXOueQiMSL-2PoVdx3qgI1FJxihjCPUNWygmPVMXjxW-KZDTYoSxCY7IBk68eJk-i_iRc4A","originalTransactionId":"ddbekfdiijehiicojdkphaae.AO-J1OzwEaR_uHLBPJibPc6KeiMhXOueQiMSL-2PoVdx3qgI1FJxihjCPUNWygmPVMXjxW-KZDTYoSxCY7IBk68eJk-i_iRc4A","appleTransactionId":"monthly_plan","productId":"monthly_plan","isFreeTrialUsed":1,"is_social_type":"0"},"message":"Plan restored successfully"}
2025-04-03 14:07:23 [INFO]: Outgoing response: POST /applePlanRestore - Status: 200 - Duration: 37ms - Response: "{\"version\":\"1.0.0\",\"statusCode\":200,\"isSuccess\":true,\"data\":{\"_id\":\"67ee55c9d87e29337ed5133c\",\"name\":\"Mayur patel\",\"email\":\"mayur.kmphasis@gmail.com\",\"password\":\"123465\",\"profile\":\"\",\"ucode\":\"\",\"token\":\"\",\"deviceToken\":\"\",\"isFb\":\"0\",\"fbId\":\"\",\"isGoogle\":\"0\",\"googleId\":\"\",\"isApple\":\"0\",\"appleId\":\"\",\"deleteReason\":\"\",\"isSubscription\":\"1\",\"planExpiry\":\"2025-04-03 14:07:23\",\"lastPurchaseToken\":\"ddbekfdiijehiicojdkphaae.AO-J1OzwEaR_uHLBPJibPc6KeiMhXOueQiMSL-2PoVdx3qgI1FJxihjCPUNWygmPVMXjxW-KZDTYoSxCY7IBk68eJk-i_iRc4A\",\"originalTransactionId\":\"ddbekfdiijehiicojdkphaae.AO-J1OzwEaR_uHLBPJibPc6KeiMhXOueQiMSL-2PoVdx3qgI1FJxihjCPUNWygmPVMXjxW-KZDTYoSxCY7IBk68eJk-i_iRc4A\",\"appleTransactionId\":\"monthly_plan\",\"productId\":\"monthly_plan\",\"isFreeTrialUsed\":1,\"is_social_type\":\"0\"},\"message\":\"Plan restored successfully\"}"
2025-04-03 14:07:30 [INFO]: Incoming request: POST /api/inapppurchase/getAppleNotification - Body: {"message":{"data":"eyJ2ZXJzaW9uIjoiMS4wIiwicGFja2FnZU5hbWUiOiJjb20uYXBwLnNvYWtzdHJlYW0iLCJldmVudFRpbWVNaWxsaXMiOiIxNzQzNjg0MDU5NTczIiwidGVzdE5vdGlmaWNhdGlvbiI6eyJ2ZXJzaW9uIjoiMS4wIn19","messageId":"14401331706181310","message_id":"14401331706181310","publishTime":"2025-04-03T12:40:59.631Z","publish_time":"2025-04-03T12:40:59.631Z"},"subscription":"projects/soakstream-app-project/subscriptions/soakstreampurchase-sub-testmk"}
2025-04-03 14:07:30 [ERROR]: Error occurred: Cannot read properties of undefined (reading 'split') - StatusCode: 400
2025-04-03 14:07:30 [INFO]: Outgoing response: POST /api/inapppurchase/getAppleNotification - Status: 400 - Duration: 4ms - Response: "{\"version\":\"1.0.0\",\"statusCode\":400,\"isSuccess\":false,\"data\":null,\"message\":\"Cannot read properties of undefined (reading 'split')\"}"
2025-04-03 14:08:13 [INFO]: Incoming request: POST /api/inapppurchase/getAppleNotification - Body: {"message":{"data":"eyJ2ZXJzaW9uIjoiMS4wIiwicGFja2FnZU5hbWUiOiJjb20uYXBwLnNvYWtzdHJlYW0iLCJldmVudFRpbWVNaWxsaXMiOiIxNzQzNjg0MDU5NTczIiwidGVzdE5vdGlmaWNhdGlvbiI6eyJ2ZXJzaW9uIjoiMS4wIn19","messageId":"14401331706181310","message_id":"14401331706181310","publishTime":"2025-04-03T12:40:59.631Z","publish_time":"2025-04-03T12:40:59.631Z"},"subscription":"projects/soakstream-app-project/subscriptions/soakstreampurchase-sub-testmk"}
2025-04-03 14:08:13 [ERROR]: Error occurred: Cannot read properties of undefined (reading 'split') - StatusCode: 400
2025-04-03 14:08:13 [INFO]: Outgoing response: POST /api/inapppurchase/getAppleNotification - Status: 400 - Duration: 8ms - Response: "{\"version\":\"1.0.0\",\"statusCode\":400,\"isSuccess\":false,\"data\":null,\"message\":\"Cannot read properties of undefined (reading 'split')\"}"
2025-04-03 14:12:40 [INFO]: Incoming request: POST /api/inapppurchase/androidPlanPurchase - Body: {"productId":"monthly_plan","purchaseToken":"ddbekfdiijehiicojdkphaae.AO-J1OzwEaR_uHLBPJibPc6KeiMhXOueQiMSL-2PoVdx3qgI1FJxihjCPUNWygmPVMXjxW-KZDTYoSxCY7IBk68eJk-i_iRc4A","orderId":"GPA.3390-7772-0700-20018..5","type":"purchase","amount":"50"}
2025-04-03 14:12:40 [INFO]: Outgoing response: POST /androidPlanPurchase - Status: 409 - Duration: 22ms - Response: {"version":"1.0.0","statusCode":409,"isSuccess":false,"data":null,"message":"Plan Already running"}
2025-04-03 14:12:40 [INFO]: Outgoing response: POST /androidPlanPurchase - Status: 409 - Duration: 24ms - Response: "{\"version\":\"1.0.0\",\"statusCode\":409,\"isSuccess\":false,\"data\":null,\"message\":\"Plan Already running\"}"
