2025-03-31 09:28:21 [INFO]: Incoming request: GET /auth/login - Body: {}
2025-03-31 09:28:21 [ERROR]: Error occurred: Cannot find /auth/login on this server - StatusCode: 404
2025-03-31 09:28:21 [INFO]: Outgoing response: GET /auth/login - Status: 404 - Duration: 7ms - Response: "{\"version\":\"1.0.0\",\"statusCode\":404,\"isSuccess\":false,\"data\":null,\"message\":\"Cannot find /auth/login on this server\"}"
2025-03-31 09:28:25 [INFO]: Incoming request: POST /auth/login - Body: {}
2025-03-31 09:28:25 [ERROR]: Error occurred: Cannot find /auth/login on this server - StatusCode: 404
2025-03-31 09:28:25 [INFO]: Outgoing response: POST /auth/login - Status: 404 - Duration: 3ms - Response: "{\"version\":\"1.0.0\",\"statusCode\":404,\"isSuccess\":false,\"data\":null,\"message\":\"Cannot find /auth/login on this server\"}"
2025-03-31 09:28:33 [INFO]: Incoming request: POST /auth/login - Body: {}
2025-03-31 09:28:33 [ERROR]: Error occurred: Cannot find /auth/login on this server - StatusCode: 404
2025-03-31 09:28:33 [INFO]: Outgoing response: POST /auth/login - Status: 404 - Duration: 2ms - Response: "{\"version\":\"1.0.0\",\"statusCode\":404,\"isSuccess\":false,\"data\":null,\"message\":\"Cannot find /auth/login on this server\"}"
2025-03-31 09:28:39 [INFO]: Incoming request: POST /api/auth/login - Body: {}
2025-03-31 09:33:23 [INFO]: Incoming request: POST /api/auth/login - Body: {}
2025-03-31 09:33:23 [INFO]: Outgoing response: POST /login - Status: 422 - Duration: 7ms - Response: {"version":"1.0.0","statusCode":422,"isSuccess":false,"data":null,"message":"\"email\" is required"}
2025-03-31 09:33:23 [INFO]: Outgoing response: POST /login - Status: 422 - Duration: 9ms - Response: "{\"version\":\"1.0.0\",\"statusCode\":422,\"isSuccess\":false,\"data\":null,\"message\":\"\\\"email\\\" is required\"}"
2025-03-31 09:33:33 [INFO]: Incoming request: POST /api/auth/login - Body: {}
2025-03-31 09:33:33 [INFO]: Outgoing response: POST /login - Status: 422 - Duration: 7ms - Response: {"version":"1.0.0","statusCode":422,"isSuccess":false,"data":null,"message":"\"pass\" is required"}
2025-03-31 09:33:33 [INFO]: Outgoing response: POST /login - Status: 422 - Duration: 8ms - Response: "{\"version\":\"1.0.0\",\"statusCode\":422,\"isSuccess\":false,\"data\":null,\"message\":\"\\\"pass\\\" is required\"}"
2025-03-31 09:33:36 [INFO]: Incoming request: POST /api/auth/login - Body: {}
2025-03-31 09:33:36 [INFO]: Outgoing response: POST /login - Status: 422 - Duration: 2ms - Response: {"version":"1.0.0","statusCode":422,"isSuccess":false,"data":null,"message":"\"pass\" is not allowed to be empty"}
2025-03-31 09:33:36 [INFO]: Outgoing response: POST /login - Status: 422 - Duration: 3ms - Response: "{\"version\":\"1.0.0\",\"statusCode\":422,\"isSuccess\":false,\"data\":null,\"message\":\"\\\"pass\\\" is not allowed to be empty\"}"
2025-03-31 09:33:38 [INFO]: Incoming request: POST /api/auth/login - Body: {}
2025-03-31 09:33:38 [INFO]: Outgoing response: POST /login - Status: 404 - Duration: 5ms - Response: {"version":"1.0.0","statusCode":404,"isSuccess":false,"data":null,"message":"This email is not registered with us. Please use correct email address."}
2025-03-31 09:33:38 [INFO]: Outgoing response: POST /login - Status: 404 - Duration: 5ms - Response: "{\"version\":\"1.0.0\",\"statusCode\":404,\"isSuccess\":false,\"data\":null,\"message\":\"This email is not registered with us. Please use correct email address.\"}"
2025-03-31 09:33:43 [INFO]: Incoming request: POST /api/auth/login - Body: {}
2025-03-31 09:33:43 [INFO]: Outgoing response: POST /login - Status: 422 - Duration: 1ms - Response: {"version":"1.0.0","statusCode":422,"isSuccess":false,"data":null,"message":"\"email\" is required"}
2025-03-31 09:33:43 [INFO]: Outgoing response: POST /login - Status: 422 - Duration: 2ms - Response: "{\"version\":\"1.0.0\",\"statusCode\":422,\"isSuccess\":false,\"data\":null,\"message\":\"\\\"email\\\" is required\"}"
2025-03-31 09:33:54 [INFO]: Incoming request: POST /api/auth/updateProfile - Body: {}
2025-03-31 09:33:54 [ERROR]: Error occurred: Cannot find /api/auth/updateProfile on this server - StatusCode: 404
2025-03-31 09:33:54 [INFO]: Outgoing response: POST /api/auth/updateProfile - Status: 404 - Duration: 2ms - Response: "{\"version\":\"1.0.0\",\"statusCode\":404,\"isSuccess\":false,\"data\":null,\"message\":\"Cannot find /api/auth/updateProfile on this server\"}"
2025-03-31 09:34:07 [INFO]: Incoming request: POST /api/user.updateProfile - Body: {}
2025-03-31 09:34:07 [ERROR]: Error occurred: Cannot find /api/user.updateProfile on this server - StatusCode: 404
2025-03-31 09:34:07 [INFO]: Outgoing response: POST /api/user.updateProfile - Status: 404 - Duration: 2ms - Response: "{\"version\":\"1.0.0\",\"statusCode\":404,\"isSuccess\":false,\"data\":null,\"message\":\"Cannot find /api/user.updateProfile on this server\"}"
2025-03-31 09:34:09 [INFO]: Incoming request: POST /api/user/updateProfile - Body: {}
2025-03-31 09:34:09 [INFO]: Outgoing response: POST /updateProfile - Status: 401 - Duration: 3ms - Response: {"version":"1.0.0","statusCode":401,"isSuccess":false,"data":null,"message":"You are not authorized to access associated web-services."}
2025-03-31 09:34:09 [INFO]: Outgoing response: POST /updateProfile - Status: 401 - Duration: 4ms - Response: "{\"version\":\"1.0.0\",\"statusCode\":401,\"isSuccess\":false,\"data\":null,\"message\":\"You are not authorized to access associated web-services.\"}"
